
Tue Jul 14 2015 08:19:24 GMT-0300 (CLT)

Operating System
  Name                        = GNU/Linux
  Version                     = 
  Architecture                = 64bit
  # CPUs                      = 8
  Memory                      = 8274161664

Node.js
  Node.js Version             = 0.10.29
  npm Version                 = 2.13.0

Titanium CLI
  CLI Version                 = 4.0.1

Titanium SDK
  SDK Version                 = 4.1.0.GA
  SDK Path                    = /home/onlycparra/.titanium/mobilesdk/linux/4.1.0.GA
  Target Platform             = android

Command
  /usr/bin/nodejs /home/onlycparra/.appcelerator/install/4.1.0/package/node_modules/appc-cli-titanium/node_modules/titanium/bin/titanium build --platform android --log-level trace --sdk 4.1.0.GA --project-dir /home/onlycparra/Appcelerator_Studio_Workspace/PIA2 --target device --android-sdk /opt/android-sdk-linux --device-id 192.168.56.101:5555 --skip-js-minify --no-colors --no-progress-bars --no-prompt --prompt-type socket-bundle --prompt-port 38018 --plugin-paths /home/onlycparra/.appcelerator/install/4.1.0/package/node_modules --config-file /tmp/build-1436872758452.json --no-banner

[DEBUG]  Detecting modules in /home/onlycparra/.titanium/modules
[DEBUG]  Detected android module: com.appcelerator.apm 1.1.1 @ /home/onlycparra/.titanium/modules/android/com.appcelerator.apm/1.1.1
[DEBUG]  Detected android module: facebook 4.0.5 @ /home/onlycparra/.titanium/modules/android/facebook/4.0.5
[DEBUG]  Detected android module: ti.cloudpush 3.3.8 @ /home/onlycparra/.titanium/modules/android/ti.cloudpush/3.3.8
[DEBUG]  Detected android module: ti.map 2.3.1 @ /home/onlycparra/.titanium/modules/android/ti.map/2.3.1
[DEBUG]  Detected commonjs module: ti.cloud 3.2.9 @ /home/onlycparra/.titanium/modules/commonjs/ti.cloud/3.2.9
[DEBUG]  Detected iphone module: com.appcelerator.apm 1.1.1 @ /home/onlycparra/.titanium/modules/iphone/com.appcelerator.apm/1.1.1
[DEBUG]  Detecting plugins in /home/onlycparra/Appcelerator_Studio_Workspace/PIA2/plugins
[DEBUG]  Detected plugin: ti.alloy @ /home/onlycparra/Appcelerator_Studio_Workspace/PIA2/plugins/ti.alloy
[DEBUG]  Detecting plugins in /home/onlycparra/.titanium/plugins
[DEBUG]  Detected plugin: com.appcelerator.test @ /home/onlycparra/.titanium/plugins/com.appcelerator.test
[DEBUG]  Looking for Titanium plugin id=ti.alloy version=1.0
[INFO]   Found Titanium plugin id=ti.alloy version=1.0 
[DEBUG]  Titanium SDK Android directory: /home/onlycparra/.titanium/mobilesdk/linux/4.1.0.GA/android
[INFO]   Deploy type: test
[INFO]   Building for target: device
[INFO]   Building for device: 192.168.56.101:5555
[INFO]   Targeting Android SDK: 22
[INFO]   Building for the following architectures: armeabi, armeabi-v7a, x86
[INFO]   Signing with keystore: /home/onlycparra/.titanium/mobilesdk/linux/4.1.0.GA/android/dev_keystore (tidev)
[DEBUG]  App ID: PIA2.cl
[DEBUG]  Classname: Pia2
[INFO]   Debugging disabled
[INFO]   Profiler disabled
[INFO]   Forcing rebuild: JavaScript files need to be re-encrypted
[INFO]   Found Alloy app in /home/onlycparra/Appcelerator_Studio_Workspace/PIA2/app
[INFO]   Executing Alloy compile: /usr/bin/node /home/onlycparra/.appcelerator/install/4.1.0/package/node_modules/appc-cli-titanium/node_modules/.bin/alloy compile /home/onlycparra/Appcelerator_Studio_Workspace/PIA2/app --config platform=android,version=0,simtype=none,devicefamily=none,deploytype=test,target=device --no-colors
[DEBUG]         .__  .__                
[DEBUG]  _____  |  | |  |   ____ ___.__.
[DEBUG]  \__  \ |  | |  |  /  _ <   |  |
[DEBUG]   / __ \|  |_|  |_(  <_> )___  |
[DEBUG]  (____  /____/____/\____// ____|
[DEBUG]       \/                 \/
[DEBUG]  Alloy 1.6.2 by Appcelerator. The MVC app framework for Titanium.
[DEBUG]  ----- CONFIGURATION -----
[DEBUG]  raw config = "platform=android,version=0,simtype=none,devicefamily=none,deploytype=test,target=device"
[DEBUG]  platform = android
[DEBUG]  version = 0
[DEBUG]  simtype = none
[DEBUG]  devicefamily = none
[DEBUG]  deploytype = test
[DEBUG]  target = device
[DEBUG]  project path = /home/onlycparra/Appcelerator_Studio_Workspace/PIA2
[DEBUG]  app path = /home/onlycparra/Appcelerator_Studio_Workspace/PIA2/app
[DEBUG]  
[DEBUG]  ----- CONFIG.JSON -----
[DEBUG]  dependencies = {}
[INFO]   [config.json] config.json unchanged, using cached config.json...
[DEBUG]  {
[DEBUG]  "dependencies": {},
[DEBUG]  "sourcemap": true,
[DEBUG]  "autoStyle": false,
[DEBUG]  "adapters": [
[DEBUG]  "localStorage",
[DEBUG]  "properties",
[DEBUG]  "sql"
[DEBUG]  ]
[DEBUG]  }
[DEBUG]  
[DEBUG]  ----- CLEANING RESOURCES -----
[DEBUG]  Removing orphaned controllers ...
[DEBUG]  Removing orphaned models ...
[DEBUG]  Removing orphaned styles ...
[DEBUG]  Removing orphaned sync adapters...
[DEBUG]  Removing orphaned assets and libs...
[DEBUG]  
[DEBUG]  ----- BASE RUNTIME FILES -----
[TRACE]  SRC_DIR=/home/onlycparra/.appcelerator/install/4.1.0/package/node_modules/appc-cli-titanium/node_modules/alloy/Alloy/lib
[TRACE]  Copying SRC_DIR/alloy/sync/sql.js --> Resources/android/alloy/sync/sql.js
[TRACE]  Copying SRC_DIR/alloy/sync/properties.js --> Resources/android/alloy/sync/properties.js
[TRACE]  Copying SRC_DIR/alloy/sync/localStorage.js --> Resources/android/alloy/sync/localStorage.js
[TRACE]  Copying SRC_DIR/alloy/controllers/BaseController.js --> Resources/android/alloy/controllers/BaseController.js
[TRACE]  Copying SRC_DIR/alloy/widget.js --> Resources/android/alloy/widget.js
[TRACE]  Copying SRC_DIR/alloy/underscore.js --> Resources/android/alloy/underscore.js
[TRACE]  Copying SRC_DIR/alloy.js --> Resources/android/alloy.js
[TRACE]  
[TRACE]  SRC_DIR=/home/onlycparra/.appcelerator/install/4.1.0/package/node_modules/appc-cli-titanium/node_modules/alloy/Alloy/common
[TRACE]  Copying SRC_DIR/constants.js --> Resources/android/alloy/constants.js
[TRACE]  
[TRACE]  SRC_DIR=/home/onlycparra/Appcelerator_Studio_Workspace/PIA2/app/assets
[TRACE]  
[DEBUG]  
[INFO]   ----- MVC GENERATION -----
[INFO]   [global style] loading from cache...
[INFO]   [diferencias_felicidad.xml] view processing...
[INFO]   style:      "diferencias_felicidad.tss"
[INFO]   view:       "diferencias_felicidad.xml"
[INFO]   controller: "diferencias_felicidad.js"
[TRACE]  - Processing "builtins" module...
[TRACE]  - Processing "optimizer" module...
[TRACE]  - Processing "compress" module...
[INFO]   created:    "Resources/android/alloy/controllers/diferencias_felicidad.js"
[DEBUG]  map:        "build/map/Resources/android/alloy/controllers/diferencias_felicidad.js.map"
[INFO]   created:     "Resources/android/alloy/styles/diferencias_felicidad.js"
[INFO]   [diferencias_nivel_1.xml] view processing...
[INFO]   style:      "diferencias_nivel_1.tss"
[INFO]   view:       "diferencias_nivel_1.xml"
[INFO]   controller: "diferencias_nivel_1.js"
[TRACE]  - Processing "builtins" module...
[TRACE]  - Processing "optimizer" module...
[TRACE]  - Processing "compress" module...
[INFO]   created:    "Resources/android/alloy/controllers/diferencias_nivel_1.js"
[DEBUG]  map:        "build/map/Resources/android/alloy/controllers/diferencias_nivel_1.js.map"
[INFO]   created:     "Resources/android/alloy/styles/diferencias_nivel_1.js"
[INFO]   [diferencias_nivel_10.xml] view processing...
[INFO]   style:      "diferencias_nivel_10.tss"
[INFO]   view:       "diferencias_nivel_10.xml"
[INFO]   controller: "diferencias_nivel_10.js"
[TRACE]  - Processing "builtins" module...
[TRACE]  - Processing "optimizer" module...
[TRACE]  - Processing "compress" module...
[INFO]   created:    "Resources/android/alloy/controllers/diferencias_nivel_10.js"
[DEBUG]  map:        "build/map/Resources/android/alloy/controllers/diferencias_nivel_10.js.map"
[INFO]   created:     "Resources/android/alloy/styles/diferencias_nivel_10.js"
[INFO]   [diferencias_nivel_2.xml] view processing...
[INFO]   style:      "diferencias_nivel_2.tss"
[INFO]   view:       "diferencias_nivel_2.xml"
[INFO]   controller: "diferencias_nivel_2.js"
[TRACE]  - Processing "builtins" module...
[TRACE]  - Processing "optimizer" module...
[TRACE]  - Processing "compress" module...
[INFO]   created:    "Resources/android/alloy/controllers/diferencias_nivel_2.js"
[DEBUG]  map:        "build/map/Resources/android/alloy/controllers/diferencias_nivel_2.js.map"
[INFO]   created:     "Resources/android/alloy/styles/diferencias_nivel_2.js"
[INFO]   [diferencias_nivel_3.xml] view processing...
[INFO]   style:      "diferencias_nivel_3.tss"
[INFO]   view:       "diferencias_nivel_3.xml"
[INFO]   controller: "diferencias_nivel_3.js"
[TRACE]  - Processing "builtins" module...
[TRACE]  - Processing "optimizer" module...
[TRACE]  - Processing "compress" module...
[INFO]   created:    "Resources/android/alloy/controllers/diferencias_nivel_3.js"
[DEBUG]  map:        "build/map/Resources/android/alloy/controllers/diferencias_nivel_3.js.map"
[INFO]   created:     "Resources/android/alloy/styles/diferencias_nivel_3.js"
[INFO]   [diferencias_nivel_4.xml] view processing...
[INFO]   style:      "diferencias_nivel_4.tss"
[INFO]   view:       "diferencias_nivel_4.xml"
[INFO]   controller: "diferencias_nivel_4.js"
[TRACE]  - Processing "builtins" module...
[TRACE]  - Processing "optimizer" module...
[TRACE]  - Processing "compress" module...
[INFO]   created:    "Resources/android/alloy/controllers/diferencias_nivel_4.js"
[DEBUG]  map:        "build/map/Resources/android/alloy/controllers/diferencias_nivel_4.js.map"
[INFO]   created:     "Resources/android/alloy/styles/diferencias_nivel_4.js"
[INFO]   [diferencias_nivel_5.xml] view processing...
[INFO]   style:      "diferencias_nivel_5.tss"
[INFO]   view:       "diferencias_nivel_5.xml"
[INFO]   controller: "diferencias_nivel_5.js"
[TRACE]  - Processing "builtins" module...
[TRACE]  - Processing "optimizer" module...
[TRACE]  - Processing "compress" module...
[INFO]   created:    "Resources/android/alloy/controllers/diferencias_nivel_5.js"
[DEBUG]  map:        "build/map/Resources/android/alloy/controllers/diferencias_nivel_5.js.map"
[INFO]   created:     "Resources/android/alloy/styles/diferencias_nivel_5.js"
[INFO]   [diferencias_nivel_6.xml] view processing...
[INFO]   style:      "diferencias_nivel_6.tss"
[INFO]   view:       "diferencias_nivel_6.xml"
[INFO]   controller: "diferencias_nivel_6.js"
[TRACE]  - Processing "builtins" module...
[TRACE]  - Processing "optimizer" module...
[TRACE]  - Processing "compress" module...
[INFO]   created:    "Resources/android/alloy/controllers/diferencias_nivel_6.js"
[DEBUG]  map:        "build/map/Resources/android/alloy/controllers/diferencias_nivel_6.js.map"
[INFO]   created:     "Resources/android/alloy/styles/diferencias_nivel_6.js"
[INFO]   [diferencias_nivel_7.xml] view processing...
[INFO]   style:      "diferencias_nivel_7.tss"
[INFO]   view:       "diferencias_nivel_7.xml"
[INFO]   controller: "diferencias_nivel_7.js"
[TRACE]  - Processing "builtins" module...
[TRACE]  - Processing "optimizer" module...
[TRACE]  - Processing "compress" module...
[INFO]   created:    "Resources/android/alloy/controllers/diferencias_nivel_7.js"
[DEBUG]  map:        "build/map/Resources/android/alloy/controllers/diferencias_nivel_7.js.map"
[INFO]   created:     "Resources/android/alloy/styles/diferencias_nivel_7.js"
[INFO]   [diferencias_nivel_8.xml] view processing...
[INFO]   style:      "diferencias_nivel_8.tss"
[INFO]   view:       "diferencias_nivel_8.xml"
[INFO]   controller: "diferencias_nivel_8.js"
[TRACE]  - Processing "builtins" module...
[TRACE]  - Processing "optimizer" module...
[TRACE]  - Processing "compress" module...
[INFO]   created:    "Resources/android/alloy/controllers/diferencias_nivel_8.js"
[DEBUG]  map:        "build/map/Resources/android/alloy/controllers/diferencias_nivel_8.js.map"
[INFO]   created:     "Resources/android/alloy/styles/diferencias_nivel_8.js"
[INFO]   [diferencias_nivel_9.xml] view processing...
[INFO]   style:      "diferencias_nivel_9.tss"
[INFO]   view:       "diferencias_nivel_9.xml"
[INFO]   controller: "diferencias_nivel_9.js"
[TRACE]  - Processing "builtins" module...
[TRACE]  - Processing "optimizer" module...
[TRACE]  - Processing "compress" module...
[INFO]   created:    "Resources/android/alloy/controllers/diferencias_nivel_9.js"
[DEBUG]  map:        "build/map/Resources/android/alloy/controllers/diferencias_nivel_9.js.map"
[INFO]   created:     "Resources/android/alloy/styles/diferencias_nivel_9.js"
[INFO]   [index.xml] view processing...
[INFO]   style:      "index.tss"
[INFO]   view:       "index.xml"
[INFO]   controller: "index.js"
[TRACE]  - Processing "builtins" module...
[TRACE]  - Processing "optimizer" module...
[TRACE]  - Processing "compress" module...
[INFO]   created:    "Resources/android/alloy/controllers/index.js"
[DEBUG]  map:        "build/map/Resources/android/alloy/controllers/index.js.map"
[INFO]   created:     "Resources/android/alloy/styles/index.js"
[INFO]   [menu_desbloquear.xml] view processing...
[INFO]   style:      "menu_desbloquear.tss"
[INFO]   view:       "menu_desbloquear.xml"
[INFO]   controller: "menu_desbloquear.js"
[TRACE]  - Processing "builtins" module...
[TRACE]  - Processing "optimizer" module...
[TRACE]  - Processing "compress" module...
[INFO]   created:    "Resources/android/alloy/controllers/menu_desbloquear.js"
[DEBUG]  map:        "build/map/Resources/android/alloy/controllers/menu_desbloquear.js.map"
[INFO]   created:     "Resources/android/alloy/styles/menu_desbloquear.js"
[INFO]   [menu_desbloquear_nivel.xml] view processing...
[INFO]   style:      "menu_desbloquear_nivel.tss"
[INFO]   view:       "menu_desbloquear_nivel.xml"
[INFO]   controller: "menu_desbloquear_nivel.js"
[TRACE]  - Processing "builtins" module...
[TRACE]  - Processing "optimizer" module...
[TRACE]  - Processing "compress" module...
[INFO]   created:    "Resources/android/alloy/controllers/menu_desbloquear_nivel.js"
[DEBUG]  map:        "build/map/Resources/android/alloy/controllers/menu_desbloquear_nivel.js.map"
[INFO]   created:     "Resources/android/alloy/styles/menu_desbloquear_nivel.js"
[INFO]   [menu_hs.xml] view processing...
[INFO]   style:      "menu_hs.tss"
[INFO]   view:       "menu_hs.xml"
[INFO]   controller: "menu_hs.js"
[TRACE]  - Processing "builtins" module...
[TRACE]  - Processing "optimizer" module...
[TRACE]  - Processing "compress" module...
[INFO]   created:    "Resources/android/alloy/controllers/menu_hs.js"
[DEBUG]  map:        "build/map/Resources/android/alloy/controllers/menu_hs.js.map"
[INFO]   created:     "Resources/android/alloy/styles/menu_hs.js"
[INFO]   [menu_nivel.xml] view processing...
[INFO]   style:      "menu_nivel.tss"
[INFO]   view:       "menu_nivel.xml"
[INFO]   controller: "menu_nivel.js"
[TRACE]  - Processing "builtins" module...
[TRACE]  - Processing "optimizer" module...
[TRACE]  - Processing "compress" module...
[INFO]   created:    "Resources/android/alloy/controllers/menu_nivel.js"
[DEBUG]  map:        "build/map/Resources/android/alloy/controllers/menu_nivel.js.map"
[INFO]   created:     "Resources/android/alloy/styles/menu_nivel.js"
[INFO]   [menu_tf.xml] view processing...
[INFO]   style:      "menu_tf.tss"
[INFO]   view:       "menu_tf.xml"
[INFO]   controller: "menu_tf.js"
[TRACE]  - Processing "builtins" module...
[TRACE]  - Processing "optimizer" module...
[TRACE]  - Processing "compress" module...
[INFO]   created:    "Resources/android/alloy/controllers/menu_tf.js"
[DEBUG]  map:        "build/map/Resources/android/alloy/controllers/menu_tf.js.map"
[INFO]   created:     "Resources/android/alloy/styles/menu_tf.js"
[INFO]   
[INFO]   [app.js] using cached app.js...
[INFO]   
[INFO]   ----- OPTIMIZING -----
[INFO]   - android/alloy.js
[TRACE]  processing "builtins" module...
[TRACE]  processing "optimizer" module...
[TRACE]  processing "compress" module...
[INFO]   - android/alloy/sync/localStorage.js
[TRACE]  processing "builtins" module...
[TRACE]  processing "optimizer" module...
[TRACE]  processing "compress" module...
[INFO]   - android/alloy/sync/properties.js
[TRACE]  processing "builtins" module...
[TRACE]  processing "optimizer" module...
[TRACE]  processing "compress" module...
[INFO]   - android/alloy/sync/sql.js
[TRACE]  processing "builtins" module...
[TRACE]  processing "optimizer" module...
[TRACE]  processing "compress" module...
[TRACE]  
[TRACE]  Benchmarking
[TRACE]  ------------
[TRACE]  [1.84658s] TOTAL
[INFO]   
[INFO]   Alloy compiled in 1.84658s
[INFO]   Alloy compiler completed successfully
[DEBUG]  Ignoring /home/onlycparra/Appcelerator_Studio_Workspace/PIA2/Resources/android
[DEBUG]  Ignoring /home/onlycparra/Appcelerator_Studio_Workspace/PIA2/Resources/mobileweb
[WARN]   Overwriting file /home/onlycparra/Appcelerator_Studio_Workspace/PIA2/build/android/bin/assets/Resources/appicon.png
[DEBUG]  Symlinking /home/onlycparra/Appcelerator_Studio_Workspace/PIA2/Resources/android/appicon.png => /home/onlycparra/Appcelerator_Studio_Workspace/PIA2/build/android/bin/assets/Resources/appicon.png
[DEBUG]  Symlinking /home/onlycparra/Appcelerator_Studio_Workspace/PIA2/Resources/android/default.png => /home/onlycparra/Appcelerator_Studio_Workspace/PIA2/build/android/res/drawable/background.png
[WARN]   Overwriting file /home/onlycparra/Appcelerator_Studio_Workspace/PIA2/build/android/bin/assets/Resources/images/Tolerafru/Diferencias/Estrella_vacio.png
[DEBUG]  Symlinking /home/onlycparra/Appcelerator_Studio_Workspace/PIA2/Resources/android/images/Tolerafru/Diferencias/Estrella_vacio.png => /home/onlycparra/Appcelerator_Studio_Workspace/PIA2/build/android/bin/assets/Resources/images/Tolerafru/Diferencias/Estrella_vacio.png
[WARN]   Overwriting file /home/onlycparra/Appcelerator_Studio_Workspace/PIA2/build/android/bin/assets/Resources/images/Tolerafru/Diferencias/Estrellaamarilla.png
[DEBUG]  Symlinking /home/onlycparra/Appcelerator_Studio_Workspace/PIA2/Resources/android/images/Tolerafru/Diferencias/Estrellaamarilla.png => /home/onlycparra/Appcelerator_Studio_Workspace/PIA2/build/android/bin/assets/Resources/images/Tolerafru/Diferencias/Estrellaamarilla.png
[WARN]   Overwriting file /home/onlycparra/Appcelerator_Studio_Workspace/PIA2/build/android/bin/assets/Resources/images/Tolerafru/Diferencias/anterior.png
[DEBUG]  Symlinking /home/onlycparra/Appcelerator_Studio_Workspace/PIA2/Resources/android/images/Tolerafru/Diferencias/anterior.png => /home/onlycparra/Appcelerator_Studio_Workspace/PIA2/build/android/bin/assets/Resources/images/Tolerafru/Diferencias/anterior.png
[WARN]   Overwriting file /home/onlycparra/Appcelerator_Studio_Workspace/PIA2/build/android/bin/assets/Resources/images/Tolerafru/Diferencias/diferencia1.png
[DEBUG]  Symlinking /home/onlycparra/Appcelerator_Studio_Workspace/PIA2/Resources/android/images/Tolerafru/Diferencias/diferencia1.png => /home/onlycparra/Appcelerator_Studio_Workspace/PIA2/build/android/bin/assets/Resources/images/Tolerafru/Diferencias/diferencia1.png
[WARN]   Overwriting file /home/onlycparra/Appcelerator_Studio_Workspace/PIA2/build/android/bin/assets/Resources/images/Tolerafru/Diferencias/diferencia10.png
[DEBUG]  Symlinking /home/onlycparra/Appcelerator_Studio_Workspace/PIA2/Resources/android/images/Tolerafru/Diferencias/diferencia10.png => /home/onlycparra/Appcelerator_Studio_Workspace/PIA2/build/android/bin/assets/Resources/images/Tolerafru/Diferencias/diferencia10.png
[WARN]   Overwriting file /home/onlycparra/Appcelerator_Studio_Workspace/PIA2/build/android/bin/assets/Resources/images/Tolerafru/Diferencias/diferencia11.png
[DEBUG]  Symlinking /home/onlycparra/Appcelerator_Studio_Workspace/PIA2/Resources/android/images/Tolerafru/Diferencias/diferencia11.png => /home/onlycparra/Appcelerator_Studio_Workspace/PIA2/build/android/bin/assets/Resources/images/Tolerafru/Diferencias/diferencia11.png
[WARN]   Overwriting file /home/onlycparra/Appcelerator_Studio_Workspace/PIA2/build/android/bin/assets/Resources/images/Tolerafru/Diferencias/diferencia12.png
[DEBUG]  Symlinking /home/onlycparra/Appcelerator_Studio_Workspace/PIA2/Resources/android/images/Tolerafru/Diferencias/diferencia12.png => /home/onlycparra/Appcelerator_Studio_Workspace/PIA2/build/android/bin/assets/Resources/images/Tolerafru/Diferencias/diferencia12.png
[WARN]   Overwriting file /home/onlycparra/Appcelerator_Studio_Workspace/PIA2/build/android/bin/assets/Resources/images/Tolerafru/Diferencias/diferencia13.png
[DEBUG]  Symlinking /home/onlycparra/Appcelerator_Studio_Workspace/PIA2/Resources/android/images/Tolerafru/Diferencias/diferencia13.png => /home/onlycparra/Appcelerator_Studio_Workspace/PIA2/build/android/bin/assets/Resources/images/Tolerafru/Diferencias/diferencia13.png
[WARN]   Overwriting file /home/onlycparra/Appcelerator_Studio_Workspace/PIA2/build/android/bin/assets/Resources/images/Tolerafru/Diferencias/diferencia14.png
[DEBUG]  Symlinking /home/onlycparra/Appcelerator_Studio_Workspace/PIA2/Resources/android/images/Tolerafru/Diferencias/diferencia14.png => /home/onlycparra/Appcelerator_Studio_Workspace/PIA2/build/android/bin/assets/Resources/images/Tolerafru/Diferencias/diferencia14.png
[WARN]   Overwriting file /home/onlycparra/Appcelerator_Studio_Workspace/PIA2/build/android/bin/assets/Resources/images/Tolerafru/Diferencias/diferencia15.png
[DEBUG]  Symlinking /home/onlycparra/Appcelerator_Studio_Workspace/PIA2/Resources/android/images/Tolerafru/Diferencias/diferencia15.png => /home/onlycparra/Appcelerator_Studio_Workspace/PIA2/build/android/bin/assets/Resources/images/Tolerafru/Diferencias/diferencia15.png
[WARN]   Overwriting file /home/onlycparra/Appcelerator_Studio_Workspace/PIA2/build/android/bin/assets/Resources/images/Tolerafru/Diferencias/diferencia16.png
[DEBUG]  Symlinking /home/onlycparra/Appcelerator_Studio_Workspace/PIA2/Resources/android/images/Tolerafru/Diferencias/diferencia16.png => /home/onlycparra/Appcelerator_Studio_Workspace/PIA2/build/android/bin/assets/Resources/images/Tolerafru/Diferencias/diferencia16.png
[WARN]   Overwriting file /home/onlycparra/Appcelerator_Studio_Workspace/PIA2/build/android/bin/assets/Resources/images/Tolerafru/Diferencias/diferencia2.png
[DEBUG]  Symlinking /home/onlycparra/Appcelerator_Studio_Workspace/PIA2/Resources/android/images/Tolerafru/Diferencias/diferencia2.png => /home/onlycparra/Appcelerator_Studio_Workspace/PIA2/build/android/bin/assets/Resources/images/Tolerafru/Diferencias/diferencia2.png
[WARN]   Overwriting file /home/onlycparra/Appcelerator_Studio_Workspace/PIA2/build/android/bin/assets/Resources/images/Tolerafru/Diferencias/diferencia3.png
[DEBUG]  Symlinking /home/onlycparra/Appcelerator_Studio_Workspace/PIA2/Resources/android/images/Tolerafru/Diferencias/diferencia3.png => /home/onlycparra/Appcelerator_Studio_Workspace/PIA2/build/android/bin/assets/Resources/images/Tolerafru/Diferencias/diferencia3.png
[WARN]   Overwriting file /home/onlycparra/Appcelerator_Studio_Workspace/PIA2/build/android/bin/assets/Resources/images/Tolerafru/Diferencias/diferencia4.png
[DEBUG]  Symlinking /home/onlycparra/Appcelerator_Studio_Workspace/PIA2/Resources/android/images/Tolerafru/Diferencias/diferencia4.png => /home/onlycparra/Appcelerator_Studio_Workspace/PIA2/build/android/bin/assets/Resources/images/Tolerafru/Diferencias/diferencia4.png
[WARN]   Overwriting file /home/onlycparra/Appcelerator_Studio_Workspace/PIA2/build/android/bin/assets/Resources/images/Tolerafru/Diferencias/diferencia5.png
[DEBUG]  Symlinking /home/onlycparra/Appcelerator_Studio_Workspace/PIA2/Resources/android/images/Tolerafru/Diferencias/diferencia5.png => /home/onlycparra/Appcelerator_Studio_Workspace/PIA2/build/android/bin/assets/Resources/images/Tolerafru/Diferencias/diferencia5.png
[WARN]   Overwriting file /home/onlycparra/Appcelerator_Studio_Workspace/PIA2/build/android/bin/assets/Resources/images/Tolerafru/Diferencias/diferencia6.png
[DEBUG]  Symlinking /home/onlycparra/Appcelerator_Studio_Workspace/PIA2/Resources/android/images/Tolerafru/Diferencias/diferencia6.png => /home/onlycparra/Appcelerator_Studio_Workspace/PIA2/build/android/bin/assets/Resources/images/Tolerafru/Diferencias/diferencia6.png
[WARN]   Overwriting file /home/onlycparra/Appcelerator_Studio_Workspace/PIA2/build/android/bin/assets/Resources/images/Tolerafru/Diferencias/diferencia7.png
[DEBUG]  Symlinking /home/onlycparra/Appcelerator_Studio_Workspace/PIA2/Resources/android/images/Tolerafru/Diferencias/diferencia7.png => /home/onlycparra/Appcelerator_Studio_Workspace/PIA2/build/android/bin/assets/Resources/images/Tolerafru/Diferencias/diferencia7.png
[WARN]   Overwriting file /home/onlycparra/Appcelerator_Studio_Workspace/PIA2/build/android/bin/assets/Resources/images/Tolerafru/Diferencias/diferencia8.png
[DEBUG]  Symlinking /home/onlycparra/Appcelerator_Studio_Workspace/PIA2/Resources/android/images/Tolerafru/Diferencias/diferencia8.png => /home/onlycparra/Appcelerator_Studio_Workspace/PIA2/build/android/bin/assets/Resources/images/Tolerafru/Diferencias/diferencia8.png
[WARN]   Overwriting file /home/onlycparra/Appcelerator_Studio_Workspace/PIA2/build/android/bin/assets/Resources/images/Tolerafru/Diferencias/diferencia9.png
[DEBUG]  Symlinking /home/onlycparra/Appcelerator_Studio_Workspace/PIA2/Resources/android/images/Tolerafru/Diferencias/diferencia9.png => /home/onlycparra/Appcelerator_Studio_Workspace/PIA2/build/android/bin/assets/Resources/images/Tolerafru/Diferencias/diferencia9.png
[WARN]   Overwriting file /home/onlycparra/Appcelerator_Studio_Workspace/PIA2/build/android/bin/assets/Resources/images/Tolerafru/Diferencias/siguiente.png
[DEBUG]  Symlinking /home/onlycparra/Appcelerator_Studio_Workspace/PIA2/Resources/android/images/Tolerafru/Diferencias/siguiente.png => /home/onlycparra/Appcelerator_Studio_Workspace/PIA2/build/android/bin/assets/Resources/images/Tolerafru/Diferencias/siguiente.png
[WARN]   Overwriting file /home/onlycparra/Appcelerator_Studio_Workspace/PIA2/build/android/bin/assets/Resources/images/icon/anterior.png
[DEBUG]  Symlinking /home/onlycparra/Appcelerator_Studio_Workspace/PIA2/Resources/android/images/icon/anterior.png => /home/onlycparra/Appcelerator_Studio_Workspace/PIA2/build/android/bin/assets/Resources/images/icon/anterior.png
[WARN]   Overwriting file /home/onlycparra/Appcelerator_Studio_Workspace/PIA2/build/android/bin/assets/Resources/images/icon/back.png
[DEBUG]  Symlinking /home/onlycparra/Appcelerator_Studio_Workspace/PIA2/Resources/android/images/icon/back.png => /home/onlycparra/Appcelerator_Studio_Workspace/PIA2/build/android/bin/assets/Resources/images/icon/back.png
[WARN]   Overwriting file /home/onlycparra/Appcelerator_Studio_Workspace/PIA2/build/android/bin/assets/Resources/images/icon/fuegos.gif
[DEBUG]  Symlinking /home/onlycparra/Appcelerator_Studio_Workspace/PIA2/Resources/android/images/icon/fuegos.gif => /home/onlycparra/Appcelerator_Studio_Workspace/PIA2/build/android/bin/assets/Resources/images/icon/fuegos.gif
[WARN]   Overwriting file /home/onlycparra/Appcelerator_Studio_Workspace/PIA2/build/android/bin/assets/Resources/images/icon/gear.png
[DEBUG]  Symlinking /home/onlycparra/Appcelerator_Studio_Workspace/PIA2/Resources/android/images/icon/gear.png => /home/onlycparra/Appcelerator_Studio_Workspace/PIA2/build/android/bin/assets/Resources/images/icon/gear.png
[WARN]   Overwriting file /home/onlycparra/Appcelerator_Studio_Workspace/PIA2/build/android/bin/assets/Resources/images/icon/gear3.png
[DEBUG]  Symlinking /home/onlycparra/Appcelerator_Studio_Workspace/PIA2/Resources/android/images/icon/gear3.png => /home/onlycparra/Appcelerator_Studio_Workspace/PIA2/build/android/bin/assets/Resources/images/icon/gear3.png
[WARN]   Overwriting file /home/onlycparra/Appcelerator_Studio_Workspace/PIA2/build/android/bin/assets/Resources/images/icon/guia.png
[DEBUG]  Symlinking /home/onlycparra/Appcelerator_Studio_Workspace/PIA2/Resources/android/images/icon/guia.png => /home/onlycparra/Appcelerator_Studio_Workspace/PIA2/build/android/bin/assets/Resources/images/icon/guia.png
[WARN]   Overwriting file /home/onlycparra/Appcelerator_Studio_Workspace/PIA2/build/android/bin/assets/Resources/images/icon/home.png
[DEBUG]  Symlinking /home/onlycparra/Appcelerator_Studio_Workspace/PIA2/Resources/android/images/icon/home.png => /home/onlycparra/Appcelerator_Studio_Workspace/PIA2/build/android/bin/assets/Resources/images/icon/home.png
[WARN]   Overwriting file /home/onlycparra/Appcelerator_Studio_Workspace/PIA2/build/android/bin/assets/Resources/images/icon/logo.png
[DEBUG]  Symlinking /home/onlycparra/Appcelerator_Studio_Workspace/PIA2/Resources/android/images/icon/logo.png => /home/onlycparra/Appcelerator_Studio_Workspace/PIA2/build/android/bin/assets/Resources/images/icon/logo.png
[WARN]   Overwriting file /home/onlycparra/Appcelerator_Studio_Workspace/PIA2/build/android/bin/assets/Resources/images/icon/sound.png
[DEBUG]  Symlinking /home/onlycparra/Appcelerator_Studio_Workspace/PIA2/Resources/android/images/icon/sound.png => /home/onlycparra/Appcelerator_Studio_Workspace/PIA2/build/android/bin/assets/Resources/images/icon/sound.png
[WARN]   Overwriting file /home/onlycparra/Appcelerator_Studio_Workspace/PIA2/build/android/bin/assets/Resources/images/icon/warning.png
[DEBUG]  Symlinking /home/onlycparra/Appcelerator_Studio_Workspace/PIA2/Resources/android/images/icon/warning.png => /home/onlycparra/Appcelerator_Studio_Workspace/PIA2/build/android/bin/assets/Resources/images/icon/warning.png
[DEBUG]  Symlinking /home/onlycparra/Appcelerator_Studio_Workspace/PIA2/platform/android/res/drawable-hdpi/appicon.png => /home/onlycparra/Appcelerator_Studio_Workspace/PIA2/build/android/res/drawable-hdpi/appicon.png
[DEBUG]  Symlinking /home/onlycparra/Appcelerator_Studio_Workspace/PIA2/platform/android/res/drawable-ldpi/appicon.png => /home/onlycparra/Appcelerator_Studio_Workspace/PIA2/build/android/res/drawable-ldpi/appicon.png
[DEBUG]  Symlinking /home/onlycparra/Appcelerator_Studio_Workspace/PIA2/platform/android/res/drawable-mdpi/appicon.png => /home/onlycparra/Appcelerator_Studio_Workspace/PIA2/build/android/res/drawable-mdpi/appicon.png
[DEBUG]  Symlinking /home/onlycparra/Appcelerator_Studio_Workspace/PIA2/platform/android/res/drawable-xhdpi/appicon.png => /home/onlycparra/Appcelerator_Studio_Workspace/PIA2/build/android/res/drawable-xhdpi/appicon.png
[DEBUG]  Symlinking /home/onlycparra/Appcelerator_Studio_Workspace/PIA2/platform/android/res/drawable-xxhdpi/appicon.png => /home/onlycparra/Appcelerator_Studio_Workspace/PIA2/build/android/res/drawable-xxhdpi/appicon.png
[DEBUG]  Symlinking /home/onlycparra/Appcelerator_Studio_Workspace/PIA2/platform/android/res/drawable-xxxhdpi/appicon.png => /home/onlycparra/Appcelerator_Studio_Workspace/PIA2/build/android/res/drawable-xxxhdpi/appicon.png
[DEBUG]  Symlinking /home/onlycparra/Appcelerator_Studio_Workspace/PIA2/build/android/bin/assets/Resources/appicon.png => /home/onlycparra/Appcelerator_Studio_Workspace/PIA2/build/android/res/drawable/appicon.png
[INFO]   Processing JavaScript files
[DEBUG]  Symlinking /home/onlycparra/Appcelerator_Studio_Workspace/PIA2/Resources/android/alloy/CFG.js => /home/onlycparra/Appcelerator_Studio_Workspace/PIA2/build/android/assets/alloy/CFG.js
[DEBUG]  Symlinking /home/onlycparra/Appcelerator_Studio_Workspace/PIA2/Resources/android/app.js => /home/onlycparra/Appcelerator_Studio_Workspace/PIA2/build/android/assets/app.js
[DEBUG]  Symlinking /home/onlycparra/Appcelerator_Studio_Workspace/PIA2/Resources/android/alloy/backbone.js => /home/onlycparra/Appcelerator_Studio_Workspace/PIA2/build/android/assets/alloy/backbone.js
[DEBUG]  Symlinking /home/onlycparra/Appcelerator_Studio_Workspace/PIA2/Resources/android/alloy/constants.js => /home/onlycparra/Appcelerator_Studio_Workspace/PIA2/build/android/assets/alloy/constants.js
[DEBUG]  Symlinking /home/onlycparra/Appcelerator_Studio_Workspace/PIA2/Resources/android/alloy/controllers/BaseController.js => /home/onlycparra/Appcelerator_Studio_Workspace/PIA2/build/android/assets/alloy/controllers/BaseController.js
[DEBUG]  Symlinking /home/onlycparra/Appcelerator_Studio_Workspace/PIA2/Resources/android/alloy/controllers/diferencias_felicidad.js => /home/onlycparra/Appcelerator_Studio_Workspace/PIA2/build/android/assets/alloy/controllers/diferencias_felicidad.js
[DEBUG]  Symlinking /home/onlycparra/Appcelerator_Studio_Workspace/PIA2/Resources/android/alloy/controllers/diferencias_nivel_1.js => /home/onlycparra/Appcelerator_Studio_Workspace/PIA2/build/android/assets/alloy/controllers/diferencias_nivel_1.js
[DEBUG]  Symlinking /home/onlycparra/Appcelerator_Studio_Workspace/PIA2/Resources/android/alloy/controllers/diferencias_nivel_10.js => /home/onlycparra/Appcelerator_Studio_Workspace/PIA2/build/android/assets/alloy/controllers/diferencias_nivel_10.js
[DEBUG]  Symlinking /home/onlycparra/Appcelerator_Studio_Workspace/PIA2/Resources/android/alloy/controllers/diferencias_nivel_2.js => /home/onlycparra/Appcelerator_Studio_Workspace/PIA2/build/android/assets/alloy/controllers/diferencias_nivel_2.js
[DEBUG]  Symlinking /home/onlycparra/Appcelerator_Studio_Workspace/PIA2/Resources/android/alloy/controllers/diferencias_nivel_3.js => /home/onlycparra/Appcelerator_Studio_Workspace/PIA2/build/android/assets/alloy/controllers/diferencias_nivel_3.js
[DEBUG]  Symlinking /home/onlycparra/Appcelerator_Studio_Workspace/PIA2/Resources/android/alloy/controllers/diferencias_nivel_4.js => /home/onlycparra/Appcelerator_Studio_Workspace/PIA2/build/android/assets/alloy/controllers/diferencias_nivel_4.js
[DEBUG]  Symlinking /home/onlycparra/Appcelerator_Studio_Workspace/PIA2/Resources/android/alloy/controllers/diferencias_nivel_5.js => /home/onlycparra/Appcelerator_Studio_Workspace/PIA2/build/android/assets/alloy/controllers/diferencias_nivel_5.js
[DEBUG]  Symlinking /home/onlycparra/Appcelerator_Studio_Workspace/PIA2/Resources/android/alloy/controllers/diferencias_nivel_6.js => /home/onlycparra/Appcelerator_Studio_Workspace/PIA2/build/android/assets/alloy/controllers/diferencias_nivel_6.js
[DEBUG]  Symlinking /home/onlycparra/Appcelerator_Studio_Workspace/PIA2/Resources/android/alloy/controllers/diferencias_nivel_7.js => /home/onlycparra/Appcelerator_Studio_Workspace/PIA2/build/android/assets/alloy/controllers/diferencias_nivel_7.js
[DEBUG]  Symlinking /home/onlycparra/Appcelerator_Studio_Workspace/PIA2/Resources/android/alloy/controllers/diferencias_nivel_8.js => /home/onlycparra/Appcelerator_Studio_Workspace/PIA2/build/android/assets/alloy/controllers/diferencias_nivel_8.js
[DEBUG]  Symlinking /home/onlycparra/Appcelerator_Studio_Workspace/PIA2/Resources/android/alloy/controllers/diferencias_nivel_9.js => /home/onlycparra/Appcelerator_Studio_Workspace/PIA2/build/android/assets/alloy/controllers/diferencias_nivel_9.js
[DEBUG]  Symlinking /home/onlycparra/Appcelerator_Studio_Workspace/PIA2/Resources/android/alloy/controllers/index.js => /home/onlycparra/Appcelerator_Studio_Workspace/PIA2/build/android/assets/alloy/controllers/index.js
[DEBUG]  Symlinking /home/onlycparra/Appcelerator_Studio_Workspace/PIA2/Resources/android/alloy/controllers/menu_desbloquear.js => /home/onlycparra/Appcelerator_Studio_Workspace/PIA2/build/android/assets/alloy/controllers/menu_desbloquear.js
[DEBUG]  Symlinking /home/onlycparra/Appcelerator_Studio_Workspace/PIA2/Resources/android/alloy/controllers/menu_desbloquear_nivel.js => /home/onlycparra/Appcelerator_Studio_Workspace/PIA2/build/android/assets/alloy/controllers/menu_desbloquear_nivel.js
[DEBUG]  Symlinking /home/onlycparra/Appcelerator_Studio_Workspace/PIA2/Resources/android/alloy/controllers/menu_hs.js => /home/onlycparra/Appcelerator_Studio_Workspace/PIA2/build/android/assets/alloy/controllers/menu_hs.js
[DEBUG]  Symlinking /home/onlycparra/Appcelerator_Studio_Workspace/PIA2/Resources/android/alloy/controllers/menu_nivel.js => /home/onlycparra/Appcelerator_Studio_Workspace/PIA2/build/android/assets/alloy/controllers/menu_nivel.js
[DEBUG]  Symlinking /home/onlycparra/Appcelerator_Studio_Workspace/PIA2/Resources/android/alloy/controllers/menu_tf.js => /home/onlycparra/Appcelerator_Studio_Workspace/PIA2/build/android/assets/alloy/controllers/menu_tf.js
[DEBUG]  Symlinking /home/onlycparra/Appcelerator_Studio_Workspace/PIA2/Resources/android/alloy/styles/diferencias_felicidad.js => /home/onlycparra/Appcelerator_Studio_Workspace/PIA2/build/android/assets/alloy/styles/diferencias_felicidad.js
[DEBUG]  Symlinking /home/onlycparra/Appcelerator_Studio_Workspace/PIA2/Resources/android/alloy/styles/diferencias_nivel_1.js => /home/onlycparra/Appcelerator_Studio_Workspace/PIA2/build/android/assets/alloy/styles/diferencias_nivel_1.js
[DEBUG]  Symlinking /home/onlycparra/Appcelerator_Studio_Workspace/PIA2/Resources/android/alloy/styles/diferencias_nivel_10.js => /home/onlycparra/Appcelerator_Studio_Workspace/PIA2/build/android/assets/alloy/styles/diferencias_nivel_10.js
[DEBUG]  Symlinking /home/onlycparra/Appcelerator_Studio_Workspace/PIA2/Resources/android/alloy/styles/diferencias_nivel_2.js => /home/onlycparra/Appcelerator_Studio_Workspace/PIA2/build/android/assets/alloy/styles/diferencias_nivel_2.js
[DEBUG]  Symlinking /home/onlycparra/Appcelerator_Studio_Workspace/PIA2/Resources/android/alloy/styles/diferencias_nivel_3.js => /home/onlycparra/Appcelerator_Studio_Workspace/PIA2/build/android/assets/alloy/styles/diferencias_nivel_3.js
[DEBUG]  Symlinking /home/onlycparra/Appcelerator_Studio_Workspace/PIA2/Resources/android/alloy/styles/diferencias_nivel_4.js => /home/onlycparra/Appcelerator_Studio_Workspace/PIA2/build/android/assets/alloy/styles/diferencias_nivel_4.js
[DEBUG]  Symlinking /home/onlycparra/Appcelerator_Studio_Workspace/PIA2/Resources/android/alloy/styles/diferencias_nivel_5.js => /home/onlycparra/Appcelerator_Studio_Workspace/PIA2/build/android/assets/alloy/styles/diferencias_nivel_5.js
[DEBUG]  Symlinking /home/onlycparra/Appcelerator_Studio_Workspace/PIA2/Resources/android/alloy/styles/diferencias_nivel_6.js => /home/onlycparra/Appcelerator_Studio_Workspace/PIA2/build/android/assets/alloy/styles/diferencias_nivel_6.js
[DEBUG]  Symlinking /home/onlycparra/Appcelerator_Studio_Workspace/PIA2/Resources/android/alloy/styles/diferencias_nivel_7.js => /home/onlycparra/Appcelerator_Studio_Workspace/PIA2/build/android/assets/alloy/styles/diferencias_nivel_7.js
[DEBUG]  Symlinking /home/onlycparra/Appcelerator_Studio_Workspace/PIA2/Resources/android/alloy/styles/diferencias_nivel_8.js => /home/onlycparra/Appcelerator_Studio_Workspace/PIA2/build/android/assets/alloy/styles/diferencias_nivel_8.js
[DEBUG]  Symlinking /home/onlycparra/Appcelerator_Studio_Workspace/PIA2/Resources/android/alloy/styles/diferencias_nivel_9.js => /home/onlycparra/Appcelerator_Studio_Workspace/PIA2/build/android/assets/alloy/styles/diferencias_nivel_9.js
[DEBUG]  Symlinking /home/onlycparra/Appcelerator_Studio_Workspace/PIA2/Resources/android/alloy/styles/index.js => /home/onlycparra/Appcelerator_Studio_Workspace/PIA2/build/android/assets/alloy/styles/index.js
[DEBUG]  Symlinking /home/onlycparra/Appcelerator_Studio_Workspace/PIA2/Resources/android/alloy/styles/menu_desbloquear.js => /home/onlycparra/Appcelerator_Studio_Workspace/PIA2/build/android/assets/alloy/styles/menu_desbloquear.js
[DEBUG]  Symlinking /home/onlycparra/Appcelerator_Studio_Workspace/PIA2/Resources/android/alloy/styles/menu_desbloquear_nivel.js => /home/onlycparra/Appcelerator_Studio_Workspace/PIA2/build/android/assets/alloy/styles/menu_desbloquear_nivel.js
[DEBUG]  Symlinking /home/onlycparra/Appcelerator_Studio_Workspace/PIA2/Resources/android/alloy/styles/menu_hs.js => /home/onlycparra/Appcelerator_Studio_Workspace/PIA2/build/android/assets/alloy/styles/menu_hs.js
[DEBUG]  Symlinking /home/onlycparra/Appcelerator_Studio_Workspace/PIA2/Resources/android/alloy/styles/menu_nivel.js => /home/onlycparra/Appcelerator_Studio_Workspace/PIA2/build/android/assets/alloy/styles/menu_nivel.js
[DEBUG]  Symlinking /home/onlycparra/Appcelerator_Studio_Workspace/PIA2/Resources/android/alloy/styles/menu_tf.js => /home/onlycparra/Appcelerator_Studio_Workspace/PIA2/build/android/assets/alloy/styles/menu_tf.js
[DEBUG]  Symlinking /home/onlycparra/Appcelerator_Studio_Workspace/PIA2/Resources/android/alloy/sync/localStorage.js => /home/onlycparra/Appcelerator_Studio_Workspace/PIA2/build/android/assets/alloy/sync/localStorage.js
[DEBUG]  Symlinking /home/onlycparra/Appcelerator_Studio_Workspace/PIA2/Resources/android/alloy/sync/properties.js => /home/onlycparra/Appcelerator_Studio_Workspace/PIA2/build/android/assets/alloy/sync/properties.js
[DEBUG]  Symlinking /home/onlycparra/Appcelerator_Studio_Workspace/PIA2/Resources/android/alloy/sync/sql.js => /home/onlycparra/Appcelerator_Studio_Workspace/PIA2/build/android/assets/alloy/sync/sql.js
[DEBUG]  Symlinking /home/onlycparra/Appcelerator_Studio_Workspace/PIA2/Resources/android/alloy/underscore.js => /home/onlycparra/Appcelerator_Studio_Workspace/PIA2/build/android/assets/alloy/underscore.js
[DEBUG]  Symlinking /home/onlycparra/Appcelerator_Studio_Workspace/PIA2/Resources/android/alloy/widget.js => /home/onlycparra/Appcelerator_Studio_Workspace/PIA2/build/android/assets/alloy/widget.js
[DEBUG]  Symlinking /home/onlycparra/Appcelerator_Studio_Workspace/PIA2/Resources/android/alloy.js => /home/onlycparra/Appcelerator_Studio_Workspace/PIA2/build/android/assets/alloy.js
[INFO]   Encrypting JavaScript files: /home/onlycparra/.titanium/mobilesdk/linux/4.1.0.GA/android/titanium_prep.linux64 "PIA2.cl" "/home/onlycparra/Appcelerator_Studio_Workspace/PIA2/build/android/assets" "alloy/CFG.js" "app.js" "alloy/backbone.js" "alloy/constants.js" "alloy/controllers/BaseController.js" "alloy/controllers/diferencias_felicidad.js" "alloy/controllers/diferencias_nivel_1.js" "alloy/controllers/diferencias_nivel_10.js" "alloy/controllers/diferencias_nivel_2.js" "alloy/controllers/diferencias_nivel_3.js" "alloy/controllers/diferencias_nivel_4.js" "alloy/controllers/diferencias_nivel_5.js" "alloy/controllers/diferencias_nivel_6.js" "alloy/controllers/diferencias_nivel_7.js" "alloy/controllers/diferencias_nivel_8.js" "alloy/controllers/diferencias_nivel_9.js" "alloy/controllers/index.js" "alloy/controllers/menu_desbloquear.js" "alloy/controllers/menu_desbloquear_nivel.js" "alloy/controllers/menu_hs.js" "alloy/controllers/menu_nivel.js" "alloy/controllers/menu_tf.js" "alloy/styles/diferencias_felicidad.js" "alloy/styles/diferencias_nivel_1.js" "alloy/styles/diferencias_nivel_10.js" "alloy/styles/diferencias_nivel_2.js" "alloy/styles/diferencias_nivel_3.js" "alloy/styles/diferencias_nivel_4.js" "alloy/styles/diferencias_nivel_5.js" "alloy/styles/diferencias_nivel_6.js" "alloy/styles/diferencias_nivel_7.js" "alloy/styles/diferencias_nivel_8.js" "alloy/styles/diferencias_nivel_9.js" "alloy/styles/index.js" "alloy/styles/menu_desbloquear.js" "alloy/styles/menu_desbloquear_nivel.js" "alloy/styles/menu_hs.js" "alloy/styles/menu_nivel.js" "alloy/styles/menu_tf.js" "alloy/sync/localStorage.js" "alloy/sync/properties.js" "alloy/sync/sql.js" "alloy/underscore.js" "alloy/widget.js" "alloy.js" "_app_props_.json"
[DEBUG]  Adding library /home/onlycparra/.titanium/mobilesdk/linux/4.1.0.GA/android/kroll-v8.jar
[DEBUG]  Adding library /home/onlycparra/.titanium/mobilesdk/linux/4.1.0.GA/android/modules/titanium-analytics.jar
[DEBUG]  Adding dependency library /home/onlycparra/.titanium/mobilesdk/linux/4.1.0.GA/android/aps-analytics.jar
[DEBUG]  Adding library /home/onlycparra/.titanium/mobilesdk/linux/4.1.0.GA/android/modules/titanium-android.jar
[DEBUG]  Adding dependency library /home/onlycparra/.titanium/mobilesdk/linux/4.1.0.GA/android/jaxen-1.1.1.jar
[DEBUG]  Adding dependency library /home/onlycparra/.titanium/mobilesdk/linux/4.1.0.GA/android/ti-commons-codec-1.3.jar
[DEBUG]  Adding dependency library /home/onlycparra/.titanium/mobilesdk/linux/4.1.0.GA/android/kroll-common.jar
[DEBUG]  Adding dependency library /home/onlycparra/.titanium/mobilesdk/linux/4.1.0.GA/android/titanium.jar
[DEBUG]  Adding library /home/onlycparra/.titanium/mobilesdk/linux/4.1.0.GA/android/modules/titanium-app.jar
[DEBUG]  Adding library /home/onlycparra/.titanium/mobilesdk/linux/4.1.0.GA/android/modules/titanium-ui.jar
[DEBUG]  Adding dependency library /home/onlycparra/.titanium/mobilesdk/linux/4.1.0.GA/android/nineoldandroids-appc-2.4.0.jar
[DEBUG]  Adding library /home/onlycparra/.titanium/mobilesdk/linux/4.1.0.GA/android/modules/titanium-filesystem.jar
[DEBUG]  Adding library /home/onlycparra/.titanium/mobilesdk/linux/4.1.0.GA/android/modules/titanium-media.jar
[DEBUG]  Adding library /home/onlycparra/.titanium/mobilesdk/linux/4.1.0.GA/android/modules/titanium-appcompat.jar
[DEBUG]  Adding dependency library /home/onlycparra/.titanium/mobilesdk/linux/4.1.0.GA/android/android-support-v4.jar
[DEBUG]  Adding dependency library /home/onlycparra/.titanium/mobilesdk/linux/4.1.0.GA/android/android-support-v7-appcompat.jar
[DEBUG]  Adding library /home/onlycparra/.titanium/mobilesdk/linux/4.1.0.GA/android/modules/titanium-locale.jar
[DEBUG]  Adding library /home/onlycparra/.titanium/mobilesdk/linux/4.1.0.GA/android/modules/titanium-network.jar
[DEBUG]  Adding dependency library /home/onlycparra/.titanium/mobilesdk/linux/4.1.0.GA/android/thirdparty.jar
[DEBUG]  Adding library /home/onlycparra/.titanium/mobilesdk/linux/4.1.0.GA/android/modules/titanium-xml.jar
[DEBUG]  Adding library /home/onlycparra/.titanium/mobilesdk/linux/4.1.0.GA/android/modules/titanium-platform.jar
[DEBUG]  Unknown namespace api, skipping
[DEBUG]  Adding library /home/onlycparra/.titanium/mobilesdk/linux/4.1.0.GA/android/modules/titanium-gesture.jar
[DEBUG]  Unknown namespace platform.displaycaps, skipping
[DEBUG]  Adding library /home/onlycparra/.titanium/mobilesdk/linux/4.1.0.GA/android/modules/titanium-database.jar
[INFO]   Writing /home/onlycparra/Appcelerator_Studio_Workspace/PIA2/build/android/bin/assets/app.json
[INFO]   Extracting module resources: /home/onlycparra/.titanium/mobilesdk/linux/4.1.0.GA/android/modules/titanium-analytics.res.zip
[DEBUG]  Copying /home/onlycparra/tmp/115614-9798-1o4sdni/res/values/strings.xml => /home/onlycparra/Appcelerator_Studio_Workspace/PIA2/build/android/res/values/strings.xml
[INFO]   Extracting module resources: /home/onlycparra/.titanium/mobilesdk/linux/4.1.0.GA/android/modules/titanium-android.res.zip
[DEBUG]  Merging /home/onlycparra/tmp/115614-9798-hxh03f/res/values/strings.xml => /home/onlycparra/Appcelerator_Studio_Workspace/PIA2/build/android/res/values/strings.xml
[INFO]   Extracting module resources: /home/onlycparra/.titanium/mobilesdk/linux/4.1.0.GA/android/modules/titanium-app.res.zip
[DEBUG]  Merging /home/onlycparra/tmp/115614-9798-hdntiy/res/values/strings.xml => /home/onlycparra/Appcelerator_Studio_Workspace/PIA2/build/android/res/values/strings.xml
[INFO]   Extracting module resources: /home/onlycparra/.titanium/mobilesdk/linux/4.1.0.GA/android/modules/titanium-filesystem.res.zip
[DEBUG]  Merging /home/onlycparra/tmp/115614-9798-1rm2l55/res/values/strings.xml => /home/onlycparra/Appcelerator_Studio_Workspace/PIA2/build/android/res/values/strings.xml
[INFO]   Extracting module resources: /home/onlycparra/.titanium/mobilesdk/linux/4.1.0.GA/android/modules/titanium-media.res.zip
[DEBUG]  Merging /home/onlycparra/tmp/115614-9798-13rnd0a/res/values/strings.xml => /home/onlycparra/Appcelerator_Studio_Workspace/PIA2/build/android/res/values/strings.xml
[INFO]   Extracting module resources: /home/onlycparra/.titanium/mobilesdk/linux/4.1.0.GA/android/modules/titanium-locale.res.zip
[DEBUG]  Merging /home/onlycparra/tmp/115614-9798-24yu0h/res/values/strings.xml => /home/onlycparra/Appcelerator_Studio_Workspace/PIA2/build/android/res/values/strings.xml
[INFO]   Extracting module resources: /home/onlycparra/.titanium/mobilesdk/linux/4.1.0.GA/android/modules/titanium-network.res.zip
[DEBUG]  Merging /home/onlycparra/tmp/115614-9798-1ezt8na/res/values/strings.xml => /home/onlycparra/Appcelerator_Studio_Workspace/PIA2/build/android/res/values/strings.xml
[INFO]   Extracting module resources: /home/onlycparra/.titanium/mobilesdk/linux/4.1.0.GA/android/modules/titanium-xml.res.zip
[DEBUG]  Merging /home/onlycparra/tmp/115614-9798-1hg0tzr/res/values/strings.xml => /home/onlycparra/Appcelerator_Studio_Workspace/PIA2/build/android/res/values/strings.xml
[INFO]   Extracting module resources: /home/onlycparra/.titanium/mobilesdk/linux/4.1.0.GA/android/modules/titanium-platform.res.zip
[DEBUG]  Merging /home/onlycparra/tmp/115614-9798-85w9tb/res/values/strings.xml => /home/onlycparra/Appcelerator_Studio_Workspace/PIA2/build/android/res/values/strings.xml
[INFO]   Extracting module resources: /home/onlycparra/.titanium/mobilesdk/linux/4.1.0.GA/android/modules/titanium-gesture.res.zip
[DEBUG]  Merging /home/onlycparra/tmp/115614-9798-2ahcuf/res/values/strings.xml => /home/onlycparra/Appcelerator_Studio_Workspace/PIA2/build/android/res/values/strings.xml
[INFO]   Extracting module resources: /home/onlycparra/.titanium/mobilesdk/linux/4.1.0.GA/android/modules/titanium-database.res.zip
[DEBUG]  Merging /home/onlycparra/tmp/115614-9798-1njr0a5/res/values/strings.xml => /home/onlycparra/Appcelerator_Studio_Workspace/PIA2/build/android/res/values/strings.xml
[DEBUG]  Removing old file: /home/onlycparra/Appcelerator_Studio_Workspace/PIA2/build/android/.classpath
[DEBUG]  Removing old file: /home/onlycparra/Appcelerator_Studio_Workspace/PIA2/build/android/.gitignore
[DEBUG]  Removing old file: /home/onlycparra/Appcelerator_Studio_Workspace/PIA2/build/android/.project
[DEBUG]  Removing old file: /home/onlycparra/Appcelerator_Studio_Workspace/PIA2/build/android/AndroidManifest.xml
[DEBUG]  Removing old file: /home/onlycparra/Appcelerator_Studio_Workspace/PIA2/build/android/default.properties
[DEBUG]  Removing old file: /home/onlycparra/Appcelerator_Studio_Workspace/PIA2/build/android/java-sources.txt
[DEBUG]  Copying template /home/onlycparra/.titanium/mobilesdk/linux/4.1.0.GA/android/templates/build/AppInfo.java => /home/onlycparra/Appcelerator_Studio_Workspace/PIA2/build/android/gen/PIA2/cl/Pia2AppInfo.java
[DEBUG]  Copying template /home/onlycparra/.titanium/mobilesdk/linux/4.1.0.GA/android/templates/build/App.java => /home/onlycparra/Appcelerator_Studio_Workspace/PIA2/build/android/gen/PIA2/cl/Pia2Application.java
[DEBUG]  Copying template /home/onlycparra/.titanium/mobilesdk/linux/4.1.0.GA/android/templates/build/Activity.java => /home/onlycparra/Appcelerator_Studio_Workspace/PIA2/build/android/gen/PIA2/cl/Pia2Activity.java
[DEBUG]  Copying template /home/onlycparra/.titanium/mobilesdk/linux/4.1.0.GA/android/templates/build/project => /home/onlycparra/Appcelerator_Studio_Workspace/PIA2/build/android/.project
[DEBUG]  Copying template /home/onlycparra/.titanium/mobilesdk/linux/4.1.0.GA/android/templates/build/default.properties => /home/onlycparra/Appcelerator_Studio_Workspace/PIA2/build/android/default.properties
[DEBUG]  Copying /home/onlycparra/.titanium/mobilesdk/linux/4.1.0.GA/android/templates/build/gitignore => /home/onlycparra/Appcelerator_Studio_Workspace/PIA2/build/android/.gitignore
[DEBUG]  Copying /home/onlycparra/.titanium/mobilesdk/linux/4.1.0.GA/android/templates/build/classpath => /home/onlycparra/Appcelerator_Studio_Workspace/PIA2/build/android/.classpath
[INFO]   No aidl files to compile, continuing
[INFO]   Generating i18n files
[DEBUG]  Merging en strings => /home/onlycparra/Appcelerator_Studio_Workspace/PIA2/build/android/res/values/strings.xml
[INFO]   Generating /home/onlycparra/Appcelerator_Studio_Workspace/PIA2/build/android/res/values/theme.xml
[INFO]   Packaging application: /opt/android-sdk-linux/build-tools/22.0.1/aapt "package" "-f" "-m" "-J" "/home/onlycparra/Appcelerator_Studio_Workspace/PIA2/build/android/gen" "-M" "/home/onlycparra/Appcelerator_Studio_Workspace/PIA2/build/android/AndroidManifest.xml" "-A" "/home/onlycparra/Appcelerator_Studio_Workspace/PIA2/build/android/bin/assets" "-S" "/home/onlycparra/Appcelerator_Studio_Workspace/PIA2/build/android/res" "-I" "/opt/android-sdk-linux/platforms/android-22/android.jar" "-F" "/home/onlycparra/Appcelerator_Studio_Workspace/PIA2/build/android/bin/app.ap_" "--auto-add-overlay" "--extra-packages" "ti.modules.titanium.ui:android.support.v7.appcompat" "-S" "/home/onlycparra/tmp/115614-9798-1itfel3/res" "-S" "/home/onlycparra/tmp/115614-9798-ev3sg7/res"
[INFO]   Building Java source files: /opt/java/jdk1.8.0_45/bin/javac "-J-Xmx256M" "-encoding" "utf8" "-bootclasspath" "/opt/android-sdk-linux/platforms/android-22/android.jar:/home/onlycparra/.titanium/mobilesdk/linux/4.1.0.GA/android/kroll-v8.jar:/home/onlycparra/.titanium/mobilesdk/linux/4.1.0.GA/android/modules/titanium-analytics.jar:/home/onlycparra/.titanium/mobilesdk/linux/4.1.0.GA/android/aps-analytics.jar:/home/onlycparra/.titanium/mobilesdk/linux/4.1.0.GA/android/modules/titanium-android.jar:/home/onlycparra/.titanium/mobilesdk/linux/4.1.0.GA/android/jaxen-1.1.1.jar:/home/onlycparra/.titanium/mobilesdk/linux/4.1.0.GA/android/ti-commons-codec-1.3.jar:/home/onlycparra/.titanium/mobilesdk/linux/4.1.0.GA/android/kroll-common.jar:/home/onlycparra/.titanium/mobilesdk/linux/4.1.0.GA/android/titanium.jar:/home/onlycparra/.titanium/mobilesdk/linux/4.1.0.GA/android/modules/titanium-app.jar:/home/onlycparra/.titanium/mobilesdk/linux/4.1.0.GA/android/modules/titanium-ui.jar:/home/onlycparra/.titanium/mobilesdk/linux/4.1.0.GA/android/nineoldandroids-appc-2.4.0.jar:/home/onlycparra/.titanium/mobilesdk/linux/4.1.0.GA/android/modules/titanium-filesystem.jar:/home/onlycparra/.titanium/mobilesdk/linux/4.1.0.GA/android/modules/titanium-media.jar:/home/onlycparra/.titanium/mobilesdk/linux/4.1.0.GA/android/modules/titanium-appcompat.jar:/home/onlycparra/.titanium/mobilesdk/linux/4.1.0.GA/android/android-support-v4.jar:/home/onlycparra/.titanium/mobilesdk/linux/4.1.0.GA/android/android-support-v7-appcompat.jar:/home/onlycparra/.titanium/mobilesdk/linux/4.1.0.GA/android/modules/titanium-locale.jar:/home/onlycparra/.titanium/mobilesdk/linux/4.1.0.GA/android/modules/titanium-network.jar:/home/onlycparra/.titanium/mobilesdk/linux/4.1.0.GA/android/thirdparty.jar:/home/onlycparra/.titanium/mobilesdk/linux/4.1.0.GA/android/modules/titanium-xml.jar:/home/onlycparra/.titanium/mobilesdk/linux/4.1.0.GA/android/modules/titanium-platform.jar:/home/onlycparra/.titanium/mobilesdk/linux/4.1.0.GA/android/modules/titanium-gesture.jar:/home/onlycparra/.titanium/mobilesdk/linux/4.1.0.GA/android/modules/titanium-database.jar:/home/onlycparra/.titanium/mobilesdk/linux/4.1.0.GA/android/lib/titanium-verify.jar:ApplicationStylesheet.class:AssetCryptImpl.class:Pia2Activity.class:Pia2AppInfo.class:Pia2Application.class:R.class" "-d" "/home/onlycparra/Appcelerator_Studio_Workspace/PIA2/build/android/bin/classes" "-proc:none" "-target" "1.6" "-source" "1.6" "@/home/onlycparra/Appcelerator_Studio_Workspace/PIA2/build/android/java-sources.txt"
[INFO]   Running dexer: /opt/java/jdk1.8.0_45/bin/java "-Xmx1024M" "-XX:-UseGCOverheadLimit" "-Djava.ext.dirs=/opt/android-sdk-linux/platform-tools" "-jar" "/opt/android-sdk-linux/build-tools/22.0.1/lib/dx.jar" "--dex" "--output=/home/onlycparra/Appcelerator_Studio_Workspace/PIA2/build/android/bin/classes.dex" "/home/onlycparra/Appcelerator_Studio_Workspace/PIA2/build/android/bin/classes" "/home/onlycparra/.titanium/mobilesdk/linux/4.1.0.GA/android/lib/titanium-verify.jar" "/home/onlycparra/.titanium/mobilesdk/linux/4.1.0.GA/android/kroll-v8.jar" "/home/onlycparra/.titanium/mobilesdk/linux/4.1.0.GA/android/modules/titanium-analytics.jar" "/home/onlycparra/.titanium/mobilesdk/linux/4.1.0.GA/android/aps-analytics.jar" "/home/onlycparra/.titanium/mobilesdk/linux/4.1.0.GA/android/modules/titanium-android.jar" "/home/onlycparra/.titanium/mobilesdk/linux/4.1.0.GA/android/jaxen-1.1.1.jar" "/home/onlycparra/.titanium/mobilesdk/linux/4.1.0.GA/android/ti-commons-codec-1.3.jar" "/home/onlycparra/.titanium/mobilesdk/linux/4.1.0.GA/android/kroll-common.jar" "/home/onlycparra/.titanium/mobilesdk/linux/4.1.0.GA/android/titanium.jar" "/home/onlycparra/.titanium/mobilesdk/linux/4.1.0.GA/android/modules/titanium-app.jar" "/home/onlycparra/.titanium/mobilesdk/linux/4.1.0.GA/android/modules/titanium-ui.jar" "/home/onlycparra/.titanium/mobilesdk/linux/4.1.0.GA/android/nineoldandroids-appc-2.4.0.jar" "/home/onlycparra/.titanium/mobilesdk/linux/4.1.0.GA/android/modules/titanium-filesystem.jar" "/home/onlycparra/.titanium/mobilesdk/linux/4.1.0.GA/android/modules/titanium-media.jar" "/home/onlycparra/.titanium/mobilesdk/linux/4.1.0.GA/android/modules/titanium-appcompat.jar" "/home/onlycparra/.titanium/mobilesdk/linux/4.1.0.GA/android/android-support-v4.jar" "/home/onlycparra/.titanium/mobilesdk/linux/4.1.0.GA/android/android-support-v7-appcompat.jar" "/home/onlycparra/.titanium/mobilesdk/linux/4.1.0.GA/android/modules/titanium-locale.jar" "/home/onlycparra/.titanium/mobilesdk/linux/4.1.0.GA/android/modules/titanium-network.jar" "/home/onlycparra/.titanium/mobilesdk/linux/4.1.0.GA/android/thirdparty.jar" "/home/onlycparra/.titanium/mobilesdk/linux/4.1.0.GA/android/modules/titanium-xml.jar" "/home/onlycparra/.titanium/mobilesdk/linux/4.1.0.GA/android/modules/titanium-platform.jar" "/home/onlycparra/.titanium/mobilesdk/linux/4.1.0.GA/android/modules/titanium-gesture.jar" "/home/onlycparra/.titanium/mobilesdk/linux/4.1.0.GA/android/modules/titanium-database.jar"
[INFO]   Creating unsigned apk
[DEBUG]  Processing /home/onlycparra/Appcelerator_Studio_Workspace/PIA2/build/android/bin/app.ap_
[DEBUG]  Deflating AndroidManifest.xml
[DEBUG]  Adding assets/Resources/appicon.png
[DEBUG]  Adding assets/Resources/images/Tolerafru/Diferencias/Estrella_vacio.png
[DEBUG]  Adding assets/Resources/images/Tolerafru/Diferencias/Estrellaamarilla.png
[DEBUG]  Adding assets/Resources/images/Tolerafru/Diferencias/anterior.png
[DEBUG]  Adding assets/Resources/images/Tolerafru/Diferencias/diferencia1.png
[DEBUG]  Adding assets/Resources/images/Tolerafru/Diferencias/diferencia10.png
[DEBUG]  Adding assets/Resources/images/Tolerafru/Diferencias/diferencia11.png
[DEBUG]  Adding assets/Resources/images/Tolerafru/Diferencias/diferencia12.png
[DEBUG]  Adding assets/Resources/images/Tolerafru/Diferencias/diferencia13.png
[DEBUG]  Adding assets/Resources/images/Tolerafru/Diferencias/diferencia14.png
[DEBUG]  Adding assets/Resources/images/Tolerafru/Diferencias/diferencia15.png
[DEBUG]  Adding assets/Resources/images/Tolerafru/Diferencias/diferencia16.png
[DEBUG]  Adding assets/Resources/images/Tolerafru/Diferencias/diferencia2.png
[DEBUG]  Adding assets/Resources/images/Tolerafru/Diferencias/diferencia3.png
[DEBUG]  Adding assets/Resources/images/Tolerafru/Diferencias/diferencia4.png
[DEBUG]  Adding assets/Resources/images/Tolerafru/Diferencias/diferencia5.png
[DEBUG]  Adding assets/Resources/images/Tolerafru/Diferencias/diferencia6.png
[DEBUG]  Adding assets/Resources/images/Tolerafru/Diferencias/diferencia7.png
[DEBUG]  Adding assets/Resources/images/Tolerafru/Diferencias/diferencia8.png
[DEBUG]  Adding assets/Resources/images/Tolerafru/Diferencias/diferencia9.png
[DEBUG]  Adding assets/Resources/images/Tolerafru/Diferencias/siguiente.png
[DEBUG]  Adding assets/Resources/images/icon/anterior.png
[DEBUG]  Adding assets/Resources/images/icon/back.png
[DEBUG]  Adding assets/Resources/images/icon/fuegos.gif
[DEBUG]  Adding assets/Resources/images/icon/gear.png
[DEBUG]  Adding assets/Resources/images/icon/gear3.png
[DEBUG]  Adding assets/Resources/images/icon/guia.png
[DEBUG]  Adding assets/Resources/images/icon/home.png
[DEBUG]  Adding assets/Resources/images/icon/logo.png
[DEBUG]  Adding assets/Resources/images/icon/sound.png
[DEBUG]  Adding assets/Resources/images/icon/warning.png
[DEBUG]  Deflating assets/app.json
[DEBUG]  Deflating assets/index.json
[DEBUG]  Deflating res/anim/abc_fade_in.xml
[DEBUG]  Deflating res/anim/abc_fade_out.xml
[DEBUG]  Deflating res/anim/abc_grow_fade_in_from_bottom.xml
[DEBUG]  Deflating res/anim/abc_popup_enter.xml
[DEBUG]  Deflating res/anim/abc_popup_exit.xml
[DEBUG]  Deflating res/anim/abc_shrink_fade_out_from_bottom.xml
[DEBUG]  Deflating res/anim/abc_slide_in_bottom.xml
[DEBUG]  Deflating res/anim/abc_slide_in_top.xml
[DEBUG]  Deflating res/anim/abc_slide_out_bottom.xml
[DEBUG]  Deflating res/anim/abc_slide_out_top.xml
[DEBUG]  Deflating res/color-v11/abc_background_cache_hint_selector_material_dark.xml
[DEBUG]  Deflating res/color-v11/abc_background_cache_hint_selector_material_light.xml
[DEBUG]  Deflating res/color/abc_background_cache_hint_selector_material_dark.xml
[DEBUG]  Deflating res/color/abc_background_cache_hint_selector_material_light.xml
[DEBUG]  Deflating res/color/abc_primary_text_disable_only_material_dark.xml
[DEBUG]  Deflating res/color/abc_primary_text_disable_only_material_light.xml
[DEBUG]  Deflating res/color/abc_primary_text_material_dark.xml
[DEBUG]  Deflating res/color/abc_primary_text_material_light.xml
[DEBUG]  Deflating res/color/abc_search_url_text.xml
[DEBUG]  Deflating res/color/abc_secondary_text_material_dark.xml
[DEBUG]  Deflating res/color/abc_secondary_text_material_light.xml
[DEBUG]  Deflating res/color/switch_thumb_material_dark.xml
[DEBUG]  Deflating res/color/switch_thumb_material_light.xml
[DEBUG]  Adding res/drawable-hdpi-v4/abc_ab_share_pack_mtrl_alpha.9.png
[DEBUG]  Adding res/drawable-hdpi-v4/abc_btn_check_to_on_mtrl_000.png
[DEBUG]  Adding res/drawable-hdpi-v4/abc_btn_check_to_on_mtrl_015.png
[DEBUG]  Adding res/drawable-hdpi-v4/abc_btn_radio_to_on_mtrl_000.png
[DEBUG]  Adding res/drawable-hdpi-v4/abc_btn_radio_to_on_mtrl_015.png
[DEBUG]  Adding res/drawable-hdpi-v4/abc_btn_rating_star_off_mtrl_alpha.png
[DEBUG]  Adding res/drawable-hdpi-v4/abc_btn_rating_star_on_mtrl_alpha.png
[DEBUG]  Adding res/drawable-hdpi-v4/abc_btn_switch_to_on_mtrl_00001.9.png
[DEBUG]  Adding res/drawable-hdpi-v4/abc_btn_switch_to_on_mtrl_00012.9.png
[DEBUG]  Adding res/drawable-hdpi-v4/abc_cab_background_top_mtrl_alpha.9.png
[DEBUG]  Adding res/drawable-hdpi-v4/abc_ic_ab_back_mtrl_am_alpha.png
[DEBUG]  Adding res/drawable-hdpi-v4/abc_ic_clear_mtrl_alpha.png
[DEBUG]  Adding res/drawable-hdpi-v4/abc_ic_commit_search_api_mtrl_alpha.png
[DEBUG]  Adding res/drawable-hdpi-v4/abc_ic_go_search_api_mtrl_alpha.png
[DEBUG]  Adding res/drawable-hdpi-v4/abc_ic_menu_copy_mtrl_am_alpha.png
[DEBUG]  Adding res/drawable-hdpi-v4/abc_ic_menu_cut_mtrl_alpha.png
[DEBUG]  Adding res/drawable-hdpi-v4/abc_ic_menu_moreoverflow_mtrl_alpha.png
[DEBUG]  Adding res/drawable-hdpi-v4/abc_ic_menu_paste_mtrl_am_alpha.png
[DEBUG]  Adding res/drawable-hdpi-v4/abc_ic_menu_selectall_mtrl_alpha.png
[DEBUG]  Adding res/drawable-hdpi-v4/abc_ic_menu_share_mtrl_alpha.png
[DEBUG]  Adding res/drawable-hdpi-v4/abc_ic_search_api_mtrl_alpha.png
[DEBUG]  Adding res/drawable-hdpi-v4/abc_ic_voice_search_api_mtrl_alpha.png
[DEBUG]  Adding res/drawable-hdpi-v4/abc_list_divider_mtrl_alpha.9.png
[DEBUG]  Adding res/drawable-hdpi-v4/abc_list_focused_holo.9.png
[DEBUG]  Adding res/drawable-hdpi-v4/abc_list_longpressed_holo.9.png
[DEBUG]  Adding res/drawable-hdpi-v4/abc_list_pressed_holo_dark.9.png
[DEBUG]  Adding res/drawable-hdpi-v4/abc_list_pressed_holo_light.9.png
[DEBUG]  Adding res/drawable-hdpi-v4/abc_list_selector_disabled_holo_dark.9.png
[DEBUG]  Adding res/drawable-hdpi-v4/abc_list_selector_disabled_holo_light.9.png
[DEBUG]  Adding res/drawable-hdpi-v4/abc_menu_hardkey_panel_mtrl_mult.9.png
[DEBUG]  Adding res/drawable-hdpi-v4/abc_popup_background_mtrl_mult.9.png
[DEBUG]  Adding res/drawable-hdpi-v4/abc_spinner_mtrl_am_alpha.9.png
[DEBUG]  Adding res/drawable-hdpi-v4/abc_switch_track_mtrl_alpha.9.png
[DEBUG]  Adding res/drawable-hdpi-v4/abc_tab_indicator_mtrl_alpha.9.png
[DEBUG]  Adding res/drawable-hdpi-v4/abc_text_cursor_mtrl_alpha.9.png
[DEBUG]  Adding res/drawable-hdpi-v4/abc_textfield_activated_mtrl_alpha.9.png
[DEBUG]  Adding res/drawable-hdpi-v4/abc_textfield_default_mtrl_alpha.9.png
[DEBUG]  Adding res/drawable-hdpi-v4/abc_textfield_search_activated_mtrl_alpha.9.png
[DEBUG]  Adding res/drawable-hdpi-v4/abc_textfield_search_default_mtrl_alpha.9.png
[DEBUG]  Adding res/drawable-hdpi-v4/appicon.png
[DEBUG]  Adding res/drawable-ldpi-v4/appicon.png
[DEBUG]  Adding res/drawable-ldrtl-hdpi-v4/abc_ic_ab_back_mtrl_am_alpha.png
[DEBUG]  Adding res/drawable-ldrtl-hdpi-v4/abc_ic_menu_copy_mtrl_am_alpha.png
[DEBUG]  Adding res/drawable-ldrtl-hdpi-v4/abc_ic_menu_cut_mtrl_alpha.png
[DEBUG]  Adding res/drawable-ldrtl-hdpi-v4/abc_spinner_mtrl_am_alpha.9.png
[DEBUG]  Adding res/drawable-ldrtl-mdpi-v4/abc_ic_ab_back_mtrl_am_alpha.png
[DEBUG]  Adding res/drawable-ldrtl-mdpi-v4/abc_ic_menu_copy_mtrl_am_alpha.png
[DEBUG]  Adding res/drawable-ldrtl-mdpi-v4/abc_ic_menu_cut_mtrl_alpha.png
[DEBUG]  Adding res/drawable-ldrtl-mdpi-v4/abc_spinner_mtrl_am_alpha.9.png
[DEBUG]  Adding res/drawable-ldrtl-xhdpi-v4/abc_ic_ab_back_mtrl_am_alpha.png
[DEBUG]  Adding res/drawable-ldrtl-xhdpi-v4/abc_ic_menu_copy_mtrl_am_alpha.png
[DEBUG]  Adding res/drawable-ldrtl-xhdpi-v4/abc_ic_menu_cut_mtrl_alpha.png
[DEBUG]  Adding res/drawable-ldrtl-xhdpi-v4/abc_spinner_mtrl_am_alpha.9.png
[DEBUG]  Adding res/drawable-ldrtl-xxhdpi-v4/abc_ic_ab_back_mtrl_am_alpha.png
[DEBUG]  Adding res/drawable-ldrtl-xxhdpi-v4/abc_ic_menu_copy_mtrl_am_alpha.png
[DEBUG]  Adding res/drawable-ldrtl-xxhdpi-v4/abc_ic_menu_cut_mtrl_alpha.png
[DEBUG]  Adding res/drawable-ldrtl-xxhdpi-v4/abc_spinner_mtrl_am_alpha.9.png
[DEBUG]  Adding res/drawable-ldrtl-xxxhdpi-v4/abc_ic_ab_back_mtrl_am_alpha.png
[DEBUG]  Adding res/drawable-ldrtl-xxxhdpi-v4/abc_ic_menu_copy_mtrl_am_alpha.png
[DEBUG]  Adding res/drawable-ldrtl-xxxhdpi-v4/abc_ic_menu_cut_mtrl_alpha.png
[DEBUG]  Adding res/drawable-ldrtl-xxxhdpi-v4/abc_spinner_mtrl_am_alpha.9.png
[DEBUG]  Adding res/drawable-mdpi-v4/abc_ab_share_pack_mtrl_alpha.9.png
[DEBUG]  Adding res/drawable-mdpi-v4/abc_btn_check_to_on_mtrl_000.png
[DEBUG]  Adding res/drawable-mdpi-v4/abc_btn_check_to_on_mtrl_015.png
[DEBUG]  Adding res/drawable-mdpi-v4/abc_btn_radio_to_on_mtrl_000.png
[DEBUG]  Adding res/drawable-mdpi-v4/abc_btn_radio_to_on_mtrl_015.png
[DEBUG]  Adding res/drawable-mdpi-v4/abc_btn_rating_star_off_mtrl_alpha.png
[DEBUG]  Adding res/drawable-mdpi-v4/abc_btn_rating_star_on_mtrl_alpha.png
[DEBUG]  Adding res/drawable-mdpi-v4/abc_btn_switch_to_on_mtrl_00001.9.png
[DEBUG]  Adding res/drawable-mdpi-v4/abc_btn_switch_to_on_mtrl_00012.9.png
[DEBUG]  Adding res/drawable-mdpi-v4/abc_cab_background_top_mtrl_alpha.9.png
[DEBUG]  Adding res/drawable-mdpi-v4/abc_ic_ab_back_mtrl_am_alpha.png
[DEBUG]  Adding res/drawable-mdpi-v4/abc_ic_clear_mtrl_alpha.png
[DEBUG]  Adding res/drawable-mdpi-v4/abc_ic_commit_search_api_mtrl_alpha.png
[DEBUG]  Adding res/drawable-mdpi-v4/abc_ic_go_search_api_mtrl_alpha.png
[DEBUG]  Adding res/drawable-mdpi-v4/abc_ic_menu_copy_mtrl_am_alpha.png
[DEBUG]  Adding res/drawable-mdpi-v4/abc_ic_menu_cut_mtrl_alpha.png
[DEBUG]  Adding res/drawable-mdpi-v4/abc_ic_menu_moreoverflow_mtrl_alpha.png
[DEBUG]  Adding res/drawable-mdpi-v4/abc_ic_menu_paste_mtrl_am_alpha.png
[DEBUG]  Adding res/drawable-mdpi-v4/abc_ic_menu_selectall_mtrl_alpha.png
[DEBUG]  Adding res/drawable-mdpi-v4/abc_ic_menu_share_mtrl_alpha.png
[DEBUG]  Adding res/drawable-mdpi-v4/abc_ic_search_api_mtrl_alpha.png
[DEBUG]  Adding res/drawable-mdpi-v4/abc_ic_voice_search_api_mtrl_alpha.png
[DEBUG]  Adding res/drawable-mdpi-v4/abc_list_divider_mtrl_alpha.9.png
[DEBUG]  Adding res/drawable-mdpi-v4/abc_list_focused_holo.9.png
[DEBUG]  Adding res/drawable-mdpi-v4/abc_list_longpressed_holo.9.png
[DEBUG]  Adding res/drawable-mdpi-v4/abc_list_pressed_holo_dark.9.png
[DEBUG]  Adding res/drawable-mdpi-v4/abc_list_pressed_holo_light.9.png
[DEBUG]  Adding res/drawable-mdpi-v4/abc_list_selector_disabled_holo_dark.9.png
[DEBUG]  Adding res/drawable-mdpi-v4/abc_list_selector_disabled_holo_light.9.png
[DEBUG]  Adding res/drawable-mdpi-v4/abc_menu_hardkey_panel_mtrl_mult.9.png
[DEBUG]  Adding res/drawable-mdpi-v4/abc_popup_background_mtrl_mult.9.png
[DEBUG]  Adding res/drawable-mdpi-v4/abc_spinner_mtrl_am_alpha.9.png
[DEBUG]  Adding res/drawable-mdpi-v4/abc_switch_track_mtrl_alpha.9.png
[DEBUG]  Adding res/drawable-mdpi-v4/abc_tab_indicator_mtrl_alpha.9.png
[DEBUG]  Adding res/drawable-mdpi-v4/abc_text_cursor_mtrl_alpha.9.png
[DEBUG]  Adding res/drawable-mdpi-v4/abc_textfield_activated_mtrl_alpha.9.png
[DEBUG]  Adding res/drawable-mdpi-v4/abc_textfield_default_mtrl_alpha.9.png
[DEBUG]  Adding res/drawable-mdpi-v4/abc_textfield_search_activated_mtrl_alpha.9.png
[DEBUG]  Adding res/drawable-mdpi-v4/abc_textfield_search_default_mtrl_alpha.9.png
[DEBUG]  Adding res/drawable-mdpi-v4/appicon.png
[DEBUG]  Adding res/drawable-tvdpi-v4/abc_btn_switch_to_on_mtrl_00001.9.png
[DEBUG]  Adding res/drawable-tvdpi-v4/abc_btn_switch_to_on_mtrl_00012.9.png
[DEBUG]  Adding res/drawable-xhdpi-v4/abc_ab_share_pack_mtrl_alpha.9.png
[DEBUG]  Adding res/drawable-xhdpi-v4/abc_btn_check_to_on_mtrl_000.png
[DEBUG]  Adding res/drawable-xhdpi-v4/abc_btn_check_to_on_mtrl_015.png
[DEBUG]  Adding res/drawable-xhdpi-v4/abc_btn_radio_to_on_mtrl_000.png
[DEBUG]  Adding res/drawable-xhdpi-v4/abc_btn_radio_to_on_mtrl_015.png
[DEBUG]  Adding res/drawable-xhdpi-v4/abc_btn_rating_star_off_mtrl_alpha.png
[DEBUG]  Adding res/drawable-xhdpi-v4/abc_btn_rating_star_on_mtrl_alpha.png
[DEBUG]  Adding res/drawable-xhdpi-v4/abc_btn_switch_to_on_mtrl_00001.9.png
[DEBUG]  Adding res/drawable-xhdpi-v4/abc_btn_switch_to_on_mtrl_00012.9.png
[DEBUG]  Adding res/drawable-xhdpi-v4/abc_cab_background_top_mtrl_alpha.9.png
[DEBUG]  Adding res/drawable-xhdpi-v4/abc_ic_ab_back_mtrl_am_alpha.png
[DEBUG]  Adding res/drawable-xhdpi-v4/abc_ic_clear_mtrl_alpha.png
[DEBUG]  Adding res/drawable-xhdpi-v4/abc_ic_commit_search_api_mtrl_alpha.png
[DEBUG]  Adding res/drawable-xhdpi-v4/abc_ic_go_search_api_mtrl_alpha.png
[DEBUG]  Adding res/drawable-xhdpi-v4/abc_ic_menu_copy_mtrl_am_alpha.png
[DEBUG]  Adding res/drawable-xhdpi-v4/abc_ic_menu_cut_mtrl_alpha.png
[DEBUG]  Adding res/drawable-xhdpi-v4/abc_ic_menu_moreoverflow_mtrl_alpha.png
[DEBUG]  Adding res/drawable-xhdpi-v4/abc_ic_menu_paste_mtrl_am_alpha.png
[DEBUG]  Adding res/drawable-xhdpi-v4/abc_ic_menu_selectall_mtrl_alpha.png
[DEBUG]  Adding res/drawable-xhdpi-v4/abc_ic_menu_share_mtrl_alpha.png
[DEBUG]  Adding res/drawable-xhdpi-v4/abc_ic_search_api_mtrl_alpha.png
[DEBUG]  Adding res/drawable-xhdpi-v4/abc_ic_voice_search_api_mtrl_alpha.png
[DEBUG]  Adding res/drawable-xhdpi-v4/abc_list_divider_mtrl_alpha.9.png
[DEBUG]  Adding res/drawable-xhdpi-v4/abc_list_focused_holo.9.png
[DEBUG]  Adding res/drawable-xhdpi-v4/abc_list_longpressed_holo.9.png
[DEBUG]  Adding res/drawable-xhdpi-v4/abc_list_pressed_holo_dark.9.png
[DEBUG]  Adding res/drawable-xhdpi-v4/abc_list_pressed_holo_light.9.png
[DEBUG]  Adding res/drawable-xhdpi-v4/abc_list_selector_disabled_holo_dark.9.png
[DEBUG]  Adding res/drawable-xhdpi-v4/abc_list_selector_disabled_holo_light.9.png
[DEBUG]  Adding res/drawable-xhdpi-v4/abc_menu_hardkey_panel_mtrl_mult.9.png
[DEBUG]  Adding res/drawable-xhdpi-v4/abc_popup_background_mtrl_mult.9.png
[DEBUG]  Adding res/drawable-xhdpi-v4/abc_spinner_mtrl_am_alpha.9.png
[DEBUG]  Adding res/drawable-xhdpi-v4/abc_switch_track_mtrl_alpha.9.png
[DEBUG]  Adding res/drawable-xhdpi-v4/abc_tab_indicator_mtrl_alpha.9.png
[DEBUG]  Adding res/drawable-xhdpi-v4/abc_text_cursor_mtrl_alpha.9.png
[DEBUG]  Adding res/drawable-xhdpi-v4/abc_textfield_activated_mtrl_alpha.9.png
[DEBUG]  Adding res/drawable-xhdpi-v4/abc_textfield_default_mtrl_alpha.9.png
[DEBUG]  Adding res/drawable-xhdpi-v4/abc_textfield_search_activated_mtrl_alpha.9.png
[DEBUG]  Adding res/drawable-xhdpi-v4/abc_textfield_search_default_mtrl_alpha.9.png
[DEBUG]  Adding res/drawable-xhdpi-v4/appicon.png
[DEBUG]  Adding res/drawable-xxhdpi-v4/abc_ab_share_pack_mtrl_alpha.9.png
[DEBUG]  Adding res/drawable-xxhdpi-v4/abc_btn_check_to_on_mtrl_000.png
[DEBUG]  Adding res/drawable-xxhdpi-v4/abc_btn_check_to_on_mtrl_015.png
[DEBUG]  Adding res/drawable-xxhdpi-v4/abc_btn_radio_to_on_mtrl_000.png
[DEBUG]  Adding res/drawable-xxhdpi-v4/abc_btn_radio_to_on_mtrl_015.png
[DEBUG]  Adding res/drawable-xxhdpi-v4/abc_btn_rating_star_off_mtrl_alpha.png
[DEBUG]  Adding res/drawable-xxhdpi-v4/abc_btn_rating_star_on_mtrl_alpha.png
[DEBUG]  Adding res/drawable-xxhdpi-v4/abc_btn_switch_to_on_mtrl_00001.9.png
[DEBUG]  Adding res/drawable-xxhdpi-v4/abc_btn_switch_to_on_mtrl_00012.9.png
[DEBUG]  Adding res/drawable-xxhdpi-v4/abc_cab_background_top_mtrl_alpha.9.png
[DEBUG]  Adding res/drawable-xxhdpi-v4/abc_ic_ab_back_mtrl_am_alpha.png
[DEBUG]  Adding res/drawable-xxhdpi-v4/abc_ic_clear_mtrl_alpha.png
[DEBUG]  Adding res/drawable-xxhdpi-v4/abc_ic_commit_search_api_mtrl_alpha.png
[DEBUG]  Adding res/drawable-xxhdpi-v4/abc_ic_go_search_api_mtrl_alpha.png
[DEBUG]  Adding res/drawable-xxhdpi-v4/abc_ic_menu_copy_mtrl_am_alpha.png
[DEBUG]  Adding res/drawable-xxhdpi-v4/abc_ic_menu_cut_mtrl_alpha.png
[DEBUG]  Adding res/drawable-xxhdpi-v4/abc_ic_menu_moreoverflow_mtrl_alpha.png
[DEBUG]  Adding res/drawable-xxhdpi-v4/abc_ic_menu_paste_mtrl_am_alpha.png
[DEBUG]  Adding res/drawable-xxhdpi-v4/abc_ic_menu_selectall_mtrl_alpha.png
[DEBUG]  Adding res/drawable-xxhdpi-v4/abc_ic_menu_share_mtrl_alpha.png
[DEBUG]  Adding res/drawable-xxhdpi-v4/abc_ic_search_api_mtrl_alpha.png
[DEBUG]  Adding res/drawable-xxhdpi-v4/abc_ic_voice_search_api_mtrl_alpha.png
[DEBUG]  Adding res/drawable-xxhdpi-v4/abc_list_divider_mtrl_alpha.9.png
[DEBUG]  Adding res/drawable-xxhdpi-v4/abc_list_focused_holo.9.png
[DEBUG]  Adding res/drawable-xxhdpi-v4/abc_list_longpressed_holo.9.png
[DEBUG]  Adding res/drawable-xxhdpi-v4/abc_list_pressed_holo_dark.9.png
[DEBUG]  Adding res/drawable-xxhdpi-v4/abc_list_pressed_holo_light.9.png
[DEBUG]  Adding res/drawable-xxhdpi-v4/abc_list_selector_disabled_holo_dark.9.png
[DEBUG]  Adding res/drawable-xxhdpi-v4/abc_list_selector_disabled_holo_light.9.png
[DEBUG]  Adding res/drawable-xxhdpi-v4/abc_menu_hardkey_panel_mtrl_mult.9.png
[DEBUG]  Adding res/drawable-xxhdpi-v4/abc_popup_background_mtrl_mult.9.png
[DEBUG]  Adding res/drawable-xxhdpi-v4/abc_spinner_mtrl_am_alpha.9.png
[DEBUG]  Adding res/drawable-xxhdpi-v4/abc_switch_track_mtrl_alpha.9.png
[DEBUG]  Adding res/drawable-xxhdpi-v4/abc_tab_indicator_mtrl_alpha.9.png
[DEBUG]  Adding res/drawable-xxhdpi-v4/abc_text_cursor_mtrl_alpha.9.png
[DEBUG]  Adding res/drawable-xxhdpi-v4/abc_textfield_activated_mtrl_alpha.9.png
[DEBUG]  Adding res/drawable-xxhdpi-v4/abc_textfield_default_mtrl_alpha.9.png
[DEBUG]  Adding res/drawable-xxhdpi-v4/abc_textfield_search_activated_mtrl_alpha.9.png
[DEBUG]  Adding res/drawable-xxhdpi-v4/abc_textfield_search_default_mtrl_alpha.9.png
[DEBUG]  Adding res/drawable-xxhdpi-v4/appicon.png
[DEBUG]  Adding res/drawable-xxxhdpi-v4/abc_btn_check_to_on_mtrl_000.png
[DEBUG]  Adding res/drawable-xxxhdpi-v4/abc_btn_check_to_on_mtrl_015.png
[DEBUG]  Adding res/drawable-xxxhdpi-v4/abc_btn_radio_to_on_mtrl_000.png
[DEBUG]  Adding res/drawable-xxxhdpi-v4/abc_btn_radio_to_on_mtrl_015.png
[DEBUG]  Adding res/drawable-xxxhdpi-v4/abc_btn_switch_to_on_mtrl_00001.9.png
[DEBUG]  Adding res/drawable-xxxhdpi-v4/abc_btn_switch_to_on_mtrl_00012.9.png
[DEBUG]  Adding res/drawable-xxxhdpi-v4/abc_ic_ab_back_mtrl_am_alpha.png
[DEBUG]  Adding res/drawable-xxxhdpi-v4/abc_ic_clear_mtrl_alpha.png
[DEBUG]  Adding res/drawable-xxxhdpi-v4/abc_ic_menu_copy_mtrl_am_alpha.png
[DEBUG]  Adding res/drawable-xxxhdpi-v4/abc_ic_menu_cut_mtrl_alpha.png
[DEBUG]  Adding res/drawable-xxxhdpi-v4/abc_ic_menu_moreoverflow_mtrl_alpha.png
[DEBUG]  Adding res/drawable-xxxhdpi-v4/abc_ic_menu_paste_mtrl_am_alpha.png
[DEBUG]  Adding res/drawable-xxxhdpi-v4/abc_ic_menu_selectall_mtrl_alpha.png
[DEBUG]  Adding res/drawable-xxxhdpi-v4/abc_ic_menu_share_mtrl_alpha.png
[DEBUG]  Adding res/drawable-xxxhdpi-v4/abc_ic_search_api_mtrl_alpha.png
[DEBUG]  Adding res/drawable-xxxhdpi-v4/abc_ic_voice_search_api_mtrl_alpha.png
[DEBUG]  Adding res/drawable-xxxhdpi-v4/abc_spinner_mtrl_am_alpha.9.png
[DEBUG]  Adding res/drawable-xxxhdpi-v4/abc_switch_track_mtrl_alpha.9.png
[DEBUG]  Adding res/drawable-xxxhdpi-v4/abc_tab_indicator_mtrl_alpha.9.png
[DEBUG]  Adding res/drawable-xxxhdpi-v4/appicon.png
[DEBUG]  Deflating res/drawable/abc_btn_borderless_material.xml
[DEBUG]  Deflating res/drawable/abc_btn_check_material.xml
[DEBUG]  Deflating res/drawable/abc_btn_default_mtrl_shape.xml
[DEBUG]  Deflating res/drawable/abc_btn_radio_material.xml
[DEBUG]  Deflating res/drawable/abc_cab_background_internal_bg.xml
[DEBUG]  Deflating res/drawable/abc_cab_background_top_material.xml
[DEBUG]  Deflating res/drawable/abc_dialog_material_background_dark.xml
[DEBUG]  Deflating res/drawable/abc_dialog_material_background_light.xml
[DEBUG]  Deflating res/drawable/abc_edit_text_material.xml
[DEBUG]  Deflating res/drawable/abc_item_background_holo_dark.xml
[DEBUG]  Deflating res/drawable/abc_item_background_holo_light.xml
[DEBUG]  Deflating res/drawable/abc_list_selector_background_transition_holo_dark.xml
[DEBUG]  Deflating res/drawable/abc_list_selector_background_transition_holo_light.xml
[DEBUG]  Deflating res/drawable/abc_list_selector_holo_dark.xml
[DEBUG]  Deflating res/drawable/abc_list_selector_holo_light.xml
[DEBUG]  Deflating res/drawable/abc_ratingbar_full_material.xml
[DEBUG]  Deflating res/drawable/abc_spinner_textfield_background_material.xml
[DEBUG]  Deflating res/drawable/abc_switch_thumb_material.xml
[DEBUG]  Deflating res/drawable/abc_tab_indicator_material.xml
[DEBUG]  Deflating res/drawable/abc_textfield_search_material.xml
[DEBUG]  Adding res/drawable/appicon.png
[DEBUG]  Adding res/drawable/background.png
[DEBUG]  Adding res/drawable/btn_check_buttonless_on_64.png
[DEBUG]  Adding res/drawable/btn_more_64.png
[DEBUG]  Adding res/drawable/disclosure_64.png
[DEBUG]  Deflating res/layout-v11/abc_screen_content_include.xml
[DEBUG]  Deflating res/layout-v17/abc_alert_dialog_material.xml
[DEBUG]  Deflating res/layout-v17/abc_dialog_title_material.xml
[DEBUG]  Deflating res/layout-v17/abc_search_view.xml
[DEBUG]  Deflating res/layout-v21/abc_screen_toolbar.xml
[DEBUG]  Deflating res/layout/abc_action_bar_title_item.xml
[DEBUG]  Deflating res/layout/abc_action_bar_up_container.xml
[DEBUG]  Deflating res/layout/abc_action_bar_view_list_nav_layout.xml
[DEBUG]  Deflating res/layout/abc_action_menu_item_layout.xml
[DEBUG]  Deflating res/layout/abc_action_menu_layout.xml
[DEBUG]  Deflating res/layout/abc_action_mode_bar.xml
[DEBUG]  Deflating res/layout/abc_action_mode_close_item_material.xml
[DEBUG]  Deflating res/layout/abc_activity_chooser_view.xml
[DEBUG]  Deflating res/layout/abc_activity_chooser_view_list_item.xml
[DEBUG]  Deflating res/layout/abc_alert_dialog_material.xml
[DEBUG]  Deflating res/layout/abc_dialog_title_material.xml
[DEBUG]  Deflating res/layout/abc_expanded_menu_layout.xml
[DEBUG]  Deflating res/layout/abc_list_menu_item_checkbox.xml
[DEBUG]  Deflating res/layout/abc_list_menu_item_icon.xml
[DEBUG]  Deflating res/layout/abc_list_menu_item_layout.xml
[DEBUG]  Deflating res/layout/abc_list_menu_item_radio.xml
[DEBUG]  Deflating res/layout/abc_popup_menu_item_layout.xml
[DEBUG]  Deflating res/layout/abc_screen_content_include.xml
[DEBUG]  Deflating res/layout/abc_screen_simple.xml
[DEBUG]  Deflating res/layout/abc_screen_simple_overlay_action_mode.xml
[DEBUG]  Deflating res/layout/abc_screen_toolbar.xml
[DEBUG]  Deflating res/layout/abc_search_dropdown_item_icons_2line.xml
[DEBUG]  Deflating res/layout/abc_search_view.xml
[DEBUG]  Deflating res/layout/abc_select_dialog_material.xml
[DEBUG]  Deflating res/layout/abc_simple_dropdown_hint.xml
[DEBUG]  Deflating res/layout/select_dialog_item_material.xml
[DEBUG]  Deflating res/layout/select_dialog_multichoice_material.xml
[DEBUG]  Deflating res/layout/select_dialog_singlechoice_material.xml
[DEBUG]  Deflating res/layout/support_simple_spinner_dropdown_item.xml
[DEBUG]  Deflating res/layout/titanium_tabgroup.xml
[DEBUG]  Deflating res/layout/titanium_ui_checkbox.xml
[DEBUG]  Deflating res/layout/titanium_ui_edittext.xml
[DEBUG]  Deflating res/layout/titanium_ui_list_header_or_footer.xml
[DEBUG]  Deflating res/layout/titanium_ui_list_item.xml
[DEBUG]  Deflating res/layout/titanium_ui_spinner.xml
[DEBUG]  Deflating res/layout/titanium_ui_switchcompat.xml
[DEBUG]  Deflating resources.arsc
[DEBUG]  Processing /home/onlycparra/.titanium/mobilesdk/linux/4.1.0.GA/android/kroll-v8.jar
[DEBUG]  Processing /home/onlycparra/.titanium/mobilesdk/linux/4.1.0.GA/android/modules/titanium-analytics.jar
[DEBUG]  Processing /home/onlycparra/.titanium/mobilesdk/linux/4.1.0.GA/android/aps-analytics.jar
[DEBUG]  Processing /home/onlycparra/.titanium/mobilesdk/linux/4.1.0.GA/android/modules/titanium-android.jar
[DEBUG]  Processing /home/onlycparra/.titanium/mobilesdk/linux/4.1.0.GA/android/jaxen-1.1.1.jar
[DEBUG]  Processing /home/onlycparra/.titanium/mobilesdk/linux/4.1.0.GA/android/ti-commons-codec-1.3.jar
[DEBUG]  Processing /home/onlycparra/.titanium/mobilesdk/linux/4.1.0.GA/android/kroll-common.jar
[DEBUG]  Processing /home/onlycparra/.titanium/mobilesdk/linux/4.1.0.GA/android/titanium.jar
[DEBUG]  Deflating org/appcelerator/titanium/build.properties
[DEBUG]  Adding org/appcelerator/titanium/res/drawable/background.png
[DEBUG]  Adding org/appcelerator/titanium/res/drawable/btn_check_buttonless_on.png
[DEBUG]  Adding org/appcelerator/titanium/res/drawable/btn_check_buttonless_on_100.png
[DEBUG]  Adding org/appcelerator/titanium/res/drawable/btn_check_buttonless_on_18.png
[DEBUG]  Adding org/appcelerator/titanium/res/drawable/btn_check_buttonless_on_48.png
[DEBUG]  Adding org/appcelerator/titanium/res/drawable/btn_check_buttonless_on_64.png
[DEBUG]  Adding org/appcelerator/titanium/res/drawable/btn_more.png
[DEBUG]  Adding org/appcelerator/titanium/res/drawable/btn_more_100.png
[DEBUG]  Adding org/appcelerator/titanium/res/drawable/btn_more_18.png
[DEBUG]  Adding org/appcelerator/titanium/res/drawable/btn_more_48.png
[DEBUG]  Adding org/appcelerator/titanium/res/drawable/btn_more_64.png
[DEBUG]  Adding org/appcelerator/titanium/res/drawable/btn_picker_normal.9.png
[DEBUG]  Adding org/appcelerator/titanium/res/drawable/btn_picker_pressed.9.png
[DEBUG]  Adding org/appcelerator/titanium/res/drawable/btn_picker_selected.9.png
[DEBUG]  Adding org/appcelerator/titanium/res/drawable/default_icon.png
[DEBUG]  Adding org/appcelerator/titanium/res/drawable/photoDefault.png
[DEBUG]  Processing /home/onlycparra/.titanium/mobilesdk/linux/4.1.0.GA/android/modules/titanium-app.jar
[DEBUG]  Processing /home/onlycparra/.titanium/mobilesdk/linux/4.1.0.GA/android/modules/titanium-ui.jar
[DEBUG]  Deflating ti/modules/titanium/ui/widget/webview/binding.js
[DEBUG]  Deflating ti/modules/titanium/ui/widget/webview/binding.min.js
[DEBUG]  Deflating ti/modules/titanium/ui/widget/webview/json2.js
[DEBUG]  Deflating ti/modules/titanium/ui/widget/webview/polling.js
[DEBUG]  Deflating ti/modules/titanium/ui/widget/webview/polling.min.js
[DEBUG]  Processing /home/onlycparra/.titanium/mobilesdk/linux/4.1.0.GA/android/nineoldandroids-appc-2.4.0.jar
[DEBUG]  Processing /home/onlycparra/.titanium/mobilesdk/linux/4.1.0.GA/android/modules/titanium-filesystem.jar
[DEBUG]  Processing /home/onlycparra/.titanium/mobilesdk/linux/4.1.0.GA/android/modules/titanium-media.jar
[DEBUG]  Processing /home/onlycparra/.titanium/mobilesdk/linux/4.1.0.GA/android/modules/titanium-appcompat.jar
[DEBUG]  Processing /home/onlycparra/.titanium/mobilesdk/linux/4.1.0.GA/android/android-support-v4.jar
[DEBUG]  Processing /home/onlycparra/.titanium/mobilesdk/linux/4.1.0.GA/android/android-support-v7-appcompat.jar
[DEBUG]  Processing /home/onlycparra/.titanium/mobilesdk/linux/4.1.0.GA/android/modules/titanium-locale.jar
[DEBUG]  Processing /home/onlycparra/.titanium/mobilesdk/linux/4.1.0.GA/android/modules/titanium-network.jar
[DEBUG]  Processing /home/onlycparra/.titanium/mobilesdk/linux/4.1.0.GA/android/thirdparty.jar
[DEBUG]  Deflating org/apache/Commons-NOTICE.txt
[DEBUG]  Deflating org/apache/HttpComponents-NOTICE.txt
[DEBUG]  Deflating org/apache/mime4j-NOTICE.txt
[DEBUG]  Processing /home/onlycparra/.titanium/mobilesdk/linux/4.1.0.GA/android/modules/titanium-xml.jar
[DEBUG]  Processing /home/onlycparra/.titanium/mobilesdk/linux/4.1.0.GA/android/modules/titanium-platform.jar
[DEBUG]  Processing /home/onlycparra/.titanium/mobilesdk/linux/4.1.0.GA/android/modules/titanium-gesture.jar
[DEBUG]  Processing /home/onlycparra/.titanium/mobilesdk/linux/4.1.0.GA/android/modules/titanium-database.jar
[DEBUG]  Adding classes.dex
[INFO]   Processing /home/onlycparra/Appcelerator_Studio_Workspace/PIA2/build/android/src
[DEBUG]  Adding lib/armeabi/libkroll-v8.so
[DEBUG]  Adding lib/armeabi/libstlport_shared.so
[DEBUG]  Adding lib/armeabi/libtiverify.so
[DEBUG]  Adding lib/armeabi-v7a/libkroll-v8.so
[DEBUG]  Adding lib/armeabi-v7a/libstlport_shared.so
[DEBUG]  Adding lib/armeabi-v7a/libtiverify.so
[DEBUG]  Adding lib/x86/libkroll-v8.so
[DEBUG]  Adding lib/x86/libstlport_shared.so
[DEBUG]  Adding lib/x86/libtiverify.so
[INFO]   Writing unsigned apk: /home/onlycparra/Appcelerator_Studio_Workspace/PIA2/build/android/bin/app-unsigned.apk
[INFO]   Using MD5withRSA signature algorithm
[INFO]   Signing apk: /opt/java/jdk1.8.0_45/bin/jarsigner "-sigalg" "MD5withRSA" "-digestalg" "SHA1" "-keystore" "/home/onlycparra/.titanium/mobilesdk/linux/4.1.0.GA/android/dev_keystore" "-storepass" "*******" "-signedjar" "/home/onlycparra/Appcelerator_Studio_Workspace/PIA2/build/android/bin/PIA2.apk" "/home/onlycparra/Appcelerator_Studio_Workspace/PIA2/build/android/bin/app-unsigned.apk" "tidev"
[INFO]   Aligning zip file: /opt/android-sdk-linux/build-tools/22.0.1/zipalign "-v" "4" "/home/onlycparra/Appcelerator_Studio_Workspace/PIA2/build/android/bin/PIA2.apk" "/home/onlycparra/Appcelerator_Studio_Workspace/PIA2/build/android/bin/PIA2.apkz"
[INFO]   Writing build manifest: /home/onlycparra/Appcelerator_Studio_Workspace/PIA2/build/android/build-manifest.json
[INFO]   Making sure the adb server is running
[INFO]   Installing apk: /home/onlycparra/Appcelerator_Studio_Workspace/PIA2/build/android/bin/PIA2.apk
[INFO]   Installing app on device: Genymobile
[TRACE]  Checking if package manager service is started
[TRACE]  Package manager has started
[TRACE]  Executing: /opt/android-sdk-linux/platform-tools/adb -s 192.168.56.101:5555 install -r /home/onlycparra/Appcelerator_Studio_Workspace/PIA2/build/android/bin/PIA2.apk
[INFO]   App successfully installed
[INFO]   Starting app: PIA2.cl/.Pia2Activity
[DEBUG]  Trying to start the app...
[INFO]   Application pid: 8126
[INFO]   Project built successfully in 40s 852ms
